<?xml version="1.0" encoding="UTF-8"?>
<coverage generated="1711220519171" clover="3.2.0">
  <project timestamp="1711220519171" name="All files">
    <metrics statements="181" coveredstatements="179" conditionals="30" coveredconditionals="30" methods="42" coveredmethods="40" elements="253" coveredelements="249" complexity="0" loc="181" ncloc="181" packages="3" files="12" classes="12"/>
    <package name="src">
      <metrics statements="11" coveredstatements="9" conditionals="0" coveredconditionals="0" methods="2" coveredmethods="0"/>
      <file name="app.ts" path="C:\Users\igor\Desktop\OTUS\FullStackDeveloper\WorkDir\JavaScript Pro\LeetCode_back\src\app.ts">
        <metrics statements="11" coveredstatements="9" conditionals="0" coveredconditionals="0" methods="2" coveredmethods="0"/>
        <line num="10" count="5" type="stmt"/>
        <line num="12" count="5" type="stmt"/>
        <line num="14" count="5" type="stmt"/>
        <line num="15" count="0" type="stmt"/>
        <line num="18" count="5" type="stmt"/>
        <line num="19" count="5" type="stmt"/>
        <line num="20" count="5" type="stmt"/>
        <line num="21" count="5" type="stmt"/>
        <line num="22" count="5" type="stmt"/>
        <line num="23" count="5" type="stmt"/>
        <line num="24" count="0" type="stmt"/>
      </file>
      <file name="types.ts" path="C:\Users\igor\Desktop\OTUS\FullStackDeveloper\WorkDir\JavaScript Pro\LeetCode_back\src\types.ts">
        <metrics statements="0" coveredstatements="0" conditionals="0" coveredconditionals="0" methods="0" coveredmethods="0"/>
      </file>
    </package>
    <package name="src.api.controllers">
      <metrics statements="130" coveredstatements="130" conditionals="30" coveredconditionals="30" methods="40" coveredmethods="40"/>
      <file name="commentComtroller.ts" path="C:\Users\igor\Desktop\OTUS\FullStackDeveloper\WorkDir\JavaScript Pro\LeetCode_back\src\api\controllers\commentComtroller.ts">
        <metrics statements="26" coveredstatements="26" conditionals="6" coveredconditionals="6" methods="8" coveredmethods="8"/>
        <line num="4" count="5" type="stmt"/>
        <line num="44" count="5" type="stmt"/>
        <line num="45" count="1" type="stmt"/>
        <line num="48" count="5" type="stmt"/>
        <line num="49" count="2" type="stmt"/>
        <line num="50" count="2" type="stmt"/>
        <line num="51" count="2" type="stmt"/>
        <line num="54" count="2" type="cond" truecount="2" falsecount="0"/>
        <line num="55" count="1" type="stmt"/>
        <line num="57" count="1" type="stmt"/>
        <line num="61" count="5" type="stmt"/>
        <line num="62" count="1" type="stmt"/>
        <line num="65" count="5" type="stmt"/>
        <line num="66" count="4" type="stmt"/>
        <line num="67" count="4" type="stmt"/>
        <line num="68" count="4" type="stmt"/>
        <line num="71" count="4" type="cond" truecount="2" falsecount="0"/>
        <line num="72" count="2" type="stmt"/>
        <line num="74" count="2" type="stmt"/>
        <line num="78" count="5" type="stmt"/>
        <line num="79" count="2" type="stmt"/>
        <line num="80" count="2" type="stmt"/>
        <line num="81" count="2" type="stmt"/>
        <line num="84" count="2" type="cond" truecount="2" falsecount="0"/>
        <line num="85" count="1" type="stmt"/>
        <line num="87" count="1" type="stmt"/>
      </file>
      <file name="roleController.ts" path="C:\Users\igor\Desktop\OTUS\FullStackDeveloper\WorkDir\JavaScript Pro\LeetCode_back\src\api\controllers\roleController.ts">
        <metrics statements="26" coveredstatements="26" conditionals="6" coveredconditionals="6" methods="8" coveredmethods="8"/>
        <line num="3" count="5" type="stmt"/>
        <line num="23" count="5" type="stmt"/>
        <line num="24" count="1" type="stmt"/>
        <line num="27" count="5" type="stmt"/>
        <line num="28" count="2" type="stmt"/>
        <line num="29" count="2" type="stmt"/>
        <line num="30" count="2" type="stmt"/>
        <line num="33" count="2" type="cond" truecount="2" falsecount="0"/>
        <line num="34" count="1" type="stmt"/>
        <line num="36" count="1" type="stmt"/>
        <line num="40" count="5" type="stmt"/>
        <line num="41" count="1" type="stmt"/>
        <line num="44" count="5" type="stmt"/>
        <line num="45" count="4" type="stmt"/>
        <line num="46" count="4" type="stmt"/>
        <line num="47" count="4" type="stmt"/>
        <line num="50" count="4" type="cond" truecount="2" falsecount="0"/>
        <line num="51" count="2" type="stmt"/>
        <line num="53" count="2" type="stmt"/>
        <line num="57" count="5" type="stmt"/>
        <line num="58" count="2" type="stmt"/>
        <line num="59" count="2" type="stmt"/>
        <line num="60" count="2" type="stmt"/>
        <line num="63" count="2" type="cond" truecount="2" falsecount="0"/>
        <line num="64" count="1" type="stmt"/>
        <line num="66" count="1" type="stmt"/>
      </file>
      <file name="ruleController.ts" path="C:\Users\igor\Desktop\OTUS\FullStackDeveloper\WorkDir\JavaScript Pro\LeetCode_back\src\api\controllers\ruleController.ts">
        <metrics statements="26" coveredstatements="26" conditionals="6" coveredconditionals="6" methods="8" coveredmethods="8"/>
        <line num="3" count="5" type="stmt"/>
        <line num="16" count="5" type="stmt"/>
        <line num="17" count="1" type="stmt"/>
        <line num="20" count="5" type="stmt"/>
        <line num="21" count="2" type="stmt"/>
        <line num="22" count="2" type="stmt"/>
        <line num="23" count="4" type="stmt"/>
        <line num="26" count="2" type="cond" truecount="2" falsecount="0"/>
        <line num="27" count="1" type="stmt"/>
        <line num="29" count="1" type="stmt"/>
        <line num="33" count="5" type="stmt"/>
        <line num="34" count="1" type="stmt"/>
        <line num="37" count="5" type="stmt"/>
        <line num="38" count="4" type="stmt"/>
        <line num="39" count="4" type="stmt"/>
        <line num="40" count="8" type="stmt"/>
        <line num="43" count="4" type="cond" truecount="2" falsecount="0"/>
        <line num="44" count="2" type="stmt"/>
        <line num="46" count="2" type="stmt"/>
        <line num="50" count="5" type="stmt"/>
        <line num="51" count="2" type="stmt"/>
        <line num="52" count="2" type="stmt"/>
        <line num="53" count="4" type="stmt"/>
        <line num="56" count="2" type="cond" truecount="2" falsecount="0"/>
        <line num="57" count="1" type="stmt"/>
        <line num="59" count="1" type="stmt"/>
      </file>
      <file name="taskController.ts" path="C:\Users\igor\Desktop\OTUS\FullStackDeveloper\WorkDir\JavaScript Pro\LeetCode_back\src\api\controllers\taskController.ts">
        <metrics statements="26" coveredstatements="26" conditionals="6" coveredconditionals="6" methods="8" coveredmethods="8"/>
        <line num="4" count="5" type="stmt"/>
        <line num="15" count="5" type="stmt"/>
        <line num="16" count="1" type="stmt"/>
        <line num="19" count="5" type="stmt"/>
        <line num="20" count="2" type="stmt"/>
        <line num="21" count="2" type="stmt"/>
        <line num="22" count="2" type="stmt"/>
        <line num="25" count="2" type="cond" truecount="2" falsecount="0"/>
        <line num="26" count="1" type="stmt"/>
        <line num="28" count="1" type="stmt"/>
        <line num="32" count="5" type="stmt"/>
        <line num="33" count="1" type="stmt"/>
        <line num="36" count="5" type="stmt"/>
        <line num="37" count="4" type="stmt"/>
        <line num="38" count="4" type="stmt"/>
        <line num="39" count="4" type="stmt"/>
        <line num="42" count="4" type="cond" truecount="2" falsecount="0"/>
        <line num="43" count="2" type="stmt"/>
        <line num="45" count="2" type="stmt"/>
        <line num="49" count="5" type="stmt"/>
        <line num="50" count="2" type="stmt"/>
        <line num="51" count="2" type="stmt"/>
        <line num="52" count="2" type="stmt"/>
        <line num="55" count="2" type="cond" truecount="2" falsecount="0"/>
        <line num="56" count="1" type="stmt"/>
        <line num="58" count="1" type="stmt"/>
      </file>
      <file name="userController.ts" path="C:\Users\igor\Desktop\OTUS\FullStackDeveloper\WorkDir\JavaScript Pro\LeetCode_back\src\api\controllers\userController.ts">
        <metrics statements="26" coveredstatements="26" conditionals="6" coveredconditionals="6" methods="8" coveredmethods="8"/>
        <line num="3" count="5" type="stmt"/>
        <line num="29" count="5" type="stmt"/>
        <line num="30" count="1" type="stmt"/>
        <line num="33" count="5" type="stmt"/>
        <line num="34" count="2" type="stmt"/>
        <line num="35" count="2" type="stmt"/>
        <line num="36" count="2" type="stmt"/>
        <line num="39" count="2" type="cond" truecount="2" falsecount="0"/>
        <line num="40" count="1" type="stmt"/>
        <line num="42" count="1" type="stmt"/>
        <line num="46" count="5" type="stmt"/>
        <line num="47" count="1" type="stmt"/>
        <line num="50" count="5" type="stmt"/>
        <line num="51" count="4" type="stmt"/>
        <line num="52" count="4" type="stmt"/>
        <line num="53" count="4" type="stmt"/>
        <line num="56" count="4" type="cond" truecount="2" falsecount="0"/>
        <line num="57" count="2" type="stmt"/>
        <line num="59" count="2" type="stmt"/>
        <line num="63" count="5" type="stmt"/>
        <line num="64" count="2" type="stmt"/>
        <line num="65" count="2" type="stmt"/>
        <line num="66" count="2" type="stmt"/>
        <line num="69" count="2" type="cond" truecount="2" falsecount="0"/>
        <line num="70" count="1" type="stmt"/>
        <line num="72" count="1" type="stmt"/>
      </file>
    </package>
    <package name="src.api.routes">
      <metrics statements="40" coveredstatements="40" conditionals="0" coveredconditionals="0" methods="0" coveredmethods="0"/>
      <file name="comments.ts" path="C:\Users\igor\Desktop\OTUS\FullStackDeveloper\WorkDir\JavaScript Pro\LeetCode_back\src\api\routes\comments.ts">
        <metrics statements="8" coveredstatements="8" conditionals="0" coveredconditionals="0" methods="0" coveredmethods="0"/>
        <line num="3" count="5" type="stmt"/>
        <line num="5" count="5" type="stmt"/>
        <line num="8" count="5" type="stmt"/>
        <line num="10" count="5" type="stmt"/>
        <line num="12" count="5" type="stmt"/>
        <line num="14" count="5" type="stmt"/>
        <line num="16" count="5" type="stmt"/>
        <line num="18" count="5" type="stmt"/>
      </file>
      <file name="roles.ts" path="C:\Users\igor\Desktop\OTUS\FullStackDeveloper\WorkDir\JavaScript Pro\LeetCode_back\src\api\routes\roles.ts">
        <metrics statements="8" coveredstatements="8" conditionals="0" coveredconditionals="0" methods="0" coveredmethods="0"/>
        <line num="3" count="5" type="stmt"/>
        <line num="5" count="5" type="stmt"/>
        <line num="7" count="5" type="stmt"/>
        <line num="9" count="5" type="stmt"/>
        <line num="11" count="5" type="stmt"/>
        <line num="13" count="5" type="stmt"/>
        <line num="15" count="5" type="stmt"/>
        <line num="17" count="5" type="stmt"/>
      </file>
      <file name="rules.ts" path="C:\Users\igor\Desktop\OTUS\FullStackDeveloper\WorkDir\JavaScript Pro\LeetCode_back\src\api\routes\rules.ts">
        <metrics statements="8" coveredstatements="8" conditionals="0" coveredconditionals="0" methods="0" coveredmethods="0"/>
        <line num="3" count="5" type="stmt"/>
        <line num="5" count="5" type="stmt"/>
        <line num="7" count="5" type="stmt"/>
        <line num="9" count="5" type="stmt"/>
        <line num="11" count="5" type="stmt"/>
        <line num="13" count="5" type="stmt"/>
        <line num="15" count="5" type="stmt"/>
        <line num="17" count="5" type="stmt"/>
      </file>
      <file name="tasks.ts" path="C:\Users\igor\Desktop\OTUS\FullStackDeveloper\WorkDir\JavaScript Pro\LeetCode_back\src\api\routes\tasks.ts">
        <metrics statements="8" coveredstatements="8" conditionals="0" coveredconditionals="0" methods="0" coveredmethods="0"/>
        <line num="3" count="5" type="stmt"/>
        <line num="5" count="5" type="stmt"/>
        <line num="7" count="5" type="stmt"/>
        <line num="9" count="5" type="stmt"/>
        <line num="11" count="5" type="stmt"/>
        <line num="13" count="5" type="stmt"/>
        <line num="15" count="5" type="stmt"/>
        <line num="17" count="5" type="stmt"/>
      </file>
      <file name="users.ts" path="C:\Users\igor\Desktop\OTUS\FullStackDeveloper\WorkDir\JavaScript Pro\LeetCode_back\src\api\routes\users.ts">
        <metrics statements="8" coveredstatements="8" conditionals="0" coveredconditionals="0" methods="0" coveredmethods="0"/>
        <line num="3" count="5" type="stmt"/>
        <line num="5" count="5" type="stmt"/>
        <line num="7" count="5" type="stmt"/>
        <line num="9" count="5" type="stmt"/>
        <line num="11" count="5" type="stmt"/>
        <line num="13" count="5" type="stmt"/>
        <line num="14" count="5" type="stmt"/>
        <line num="16" count="5" type="stmt"/>
      </file>
    </package>
  </project>
</coverage>
