{"C:\\Users\\igor\\Desktop\\OTUS\\FullStackDeveloper\\WorkDir\\JavaScript Pro\\LeetCode_back\\src\\app.ts": {"path":"C:\\Users\\igor\\Desktop\\OTUS\\FullStackDeveloper\\WorkDir\\JavaScript Pro\\LeetCode_back\\src\\app.ts","statementMap":{"0":{"start":{"line":11,"column":28},"end":{"line":11,"column":37}},"1":{"start":{"line":13,"column":0},"end":{"line":13,"column":27}},"2":{"start":{"line":15,"column":0},"end":{"line":17,"column":3}},"3":{"start":{"line":16,"column":2},"end":{"line":16,"column":27}},"4":{"start":{"line":19,"column":0},"end":{"line":19,"column":21}},"5":{"start":{"line":20,"column":0},"end":{"line":20,"column":21}},"6":{"start":{"line":21,"column":0},"end":{"line":21,"column":24}},"7":{"start":{"line":22,"column":0},"end":{"line":22,"column":21}},"8":{"start":{"line":23,"column":0},"end":{"line":23,"column":21}},"9":{"start":{"line":24,"column":0},"end":{"line":24,"column":22}},"10":{"start":{"line":26,"column":0},"end":{"line":33,"column":3}},"11":{"start":{"line":32,"column":2},"end":{"line":32,"column":49}}},"fnMap":{"0":{"name":"(anonymous_0)","decl":{"start":{"line":15,"column":13},"end":{"line":15,"column":14}},"loc":{"start":{"line":15,"column":46},"end":{"line":17,"column":1}},"line":15},"1":{"name":"(anonymous_1)","decl":{"start":{"line":26,"column":8},"end":{"line":26,"column":9}},"loc":{"start":{"line":31,"column":2},"end":{"line":33,"column":1}},"line":31}},"branchMap":{},"s":{"0":6,"1":6,"2":6,"3":0,"4":6,"5":6,"6":6,"7":6,"8":6,"9":6,"10":6,"11":0},"f":{"0":0,"1":0},"b":{},"_coverageSchema":"1a1c01bbd47fc00a2c39e90264f33305004495a9","hash":"d2e65ed2cb3a27063dcbc62559efb3f8caed3427"}
,"C:\\Users\\igor\\Desktop\\OTUS\\FullStackDeveloper\\WorkDir\\JavaScript Pro\\LeetCode_back\\src\\api\\controllers\\commentController.ts": {"path":"C:\\Users\\igor\\Desktop\\OTUS\\FullStackDeveloper\\WorkDir\\JavaScript Pro\\LeetCode_back\\src\\api\\controllers\\commentController.ts","statementMap":{"0":{"start":{"line":4,"column":36},"end":{"line":42,"column":1}},"1":{"start":{"line":44,"column":0},"end":{"line":48,"column":2}},"2":{"start":{"line":45,"column":17},"end":{"line":45,"column":60}},"3":{"start":{"line":46,"column":17},"end":{"line":46,"column":60}},"4":{"start":{"line":47,"column":2},"end":{"line":47,"column":22}},"5":{"start":{"line":50,"column":0},"end":{"line":61,"column":2}},"6":{"start":{"line":51,"column":20},"end":{"line":51,"column":41}},"7":{"start":{"line":52,"column":18},"end":{"line":54,"column":4}},"8":{"start":{"line":53,"column":4},"end":{"line":53,"column":31}},"9":{"start":{"line":56,"column":2},"end":{"line":60,"column":3}},"10":{"start":{"line":57,"column":4},"end":{"line":57,"column":33}},"11":{"start":{"line":59,"column":4},"end":{"line":59,"column":32}},"12":{"start":{"line":63,"column":0},"end":{"line":65,"column":2}},"13":{"start":{"line":64,"column":2},"end":{"line":64,"column":29}},"14":{"start":{"line":67,"column":0},"end":{"line":78,"column":2}},"15":{"start":{"line":68,"column":20},"end":{"line":68,"column":41}},"16":{"start":{"line":69,"column":18},"end":{"line":71,"column":4}},"17":{"start":{"line":70,"column":4},"end":{"line":70,"column":31}},"18":{"start":{"line":73,"column":2},"end":{"line":77,"column":3}},"19":{"start":{"line":74,"column":4},"end":{"line":74,"column":31}},"20":{"start":{"line":76,"column":4},"end":{"line":76,"column":32}},"21":{"start":{"line":80,"column":0},"end":{"line":91,"column":2}},"22":{"start":{"line":81,"column":20},"end":{"line":81,"column":41}},"23":{"start":{"line":82,"column":18},"end":{"line":84,"column":4}},"24":{"start":{"line":83,"column":4},"end":{"line":83,"column":31}},"25":{"start":{"line":86,"column":2},"end":{"line":90,"column":3}},"26":{"start":{"line":87,"column":4},"end":{"line":87,"column":33}},"27":{"start":{"line":89,"column":4},"end":{"line":89,"column":32}}},"fnMap":{"0":{"name":"(anonymous_0)","decl":{"start":{"line":44,"column":22},"end":{"line":44,"column":23}},"loc":{"start":{"line":44,"column":68},"end":{"line":48,"column":1}},"line":44},"1":{"name":"(anonymous_1)","decl":{"start":{"line":50,"column":24},"end":{"line":50,"column":25}},"loc":{"start":{"line":50,"column":70},"end":{"line":61,"column":1}},"line":50},"2":{"name":"(anonymous_2)","decl":{"start":{"line":52,"column":34},"end":{"line":52,"column":35}},"loc":{"start":{"line":52,"column":42},"end":{"line":54,"column":3}},"line":52},"3":{"name":"(anonymous_3)","decl":{"start":{"line":63,"column":24},"end":{"line":63,"column":25}},"loc":{"start":{"line":63,"column":70},"end":{"line":65,"column":1}},"line":63},"4":{"name":"(anonymous_4)","decl":{"start":{"line":67,"column":24},"end":{"line":67,"column":25}},"loc":{"start":{"line":67,"column":70},"end":{"line":78,"column":1}},"line":67},"5":{"name":"(anonymous_5)","decl":{"start":{"line":69,"column":34},"end":{"line":69,"column":35}},"loc":{"start":{"line":69,"column":42},"end":{"line":71,"column":3}},"line":69},"6":{"name":"(anonymous_6)","decl":{"start":{"line":80,"column":24},"end":{"line":80,"column":25}},"loc":{"start":{"line":80,"column":70},"end":{"line":91,"column":1}},"line":80},"7":{"name":"(anonymous_7)","decl":{"start":{"line":82,"column":34},"end":{"line":82,"column":35}},"loc":{"start":{"line":82,"column":42},"end":{"line":84,"column":3}},"line":82}},"branchMap":{"0":{"loc":{"start":{"line":45,"column":17},"end":{"line":45,"column":60}},"type":"cond-expr","locations":[{"start":{"line":45,"column":34},"end":{"line":45,"column":48}},{"start":{"line":45,"column":51},"end":{"line":45,"column":60}}],"line":45},"1":{"loc":{"start":{"line":46,"column":17},"end":{"line":46,"column":60}},"type":"cond-expr","locations":[{"start":{"line":46,"column":34},"end":{"line":46,"column":48}},{"start":{"line":46,"column":51},"end":{"line":46,"column":60}}],"line":46},"2":{"loc":{"start":{"line":56,"column":2},"end":{"line":60,"column":3}},"type":"if","locations":[{"start":{"line":56,"column":2},"end":{"line":60,"column":3}},{"start":{"line":58,"column":9},"end":{"line":60,"column":3}}],"line":56},"3":{"loc":{"start":{"line":73,"column":2},"end":{"line":77,"column":3}},"type":"if","locations":[{"start":{"line":73,"column":2},"end":{"line":77,"column":3}},{"start":{"line":75,"column":9},"end":{"line":77,"column":3}}],"line":73},"4":{"loc":{"start":{"line":86,"column":2},"end":{"line":90,"column":3}},"type":"if","locations":[{"start":{"line":86,"column":2},"end":{"line":90,"column":3}},{"start":{"line":88,"column":9},"end":{"line":90,"column":3}}],"line":86}},"s":{"0":6,"1":6,"2":1,"3":1,"4":1,"5":6,"6":2,"7":2,"8":2,"9":2,"10":1,"11":1,"12":6,"13":1,"14":6,"15":4,"16":4,"17":4,"18":4,"19":2,"20":2,"21":6,"22":2,"23":2,"24":2,"25":2,"26":1,"27":1},"f":{"0":1,"1":2,"2":2,"3":1,"4":4,"5":4,"6":2,"7":2},"b":{"0":[0,1],"1":[0,1],"2":[1,1],"3":[2,2],"4":[1,1]},"_coverageSchema":"1a1c01bbd47fc00a2c39e90264f33305004495a9","hash":"cf1b90ef338c2f0429ce42337104044136d74322"}
,"C:\\Users\\igor\\Desktop\\OTUS\\FullStackDeveloper\\WorkDir\\JavaScript Pro\\LeetCode_back\\src\\api\\controllers\\levelController.ts": {"path":"C:\\Users\\igor\\Desktop\\OTUS\\FullStackDeveloper\\WorkDir\\JavaScript Pro\\LeetCode_back\\src\\api\\controllers\\levelController.ts","statementMap":{"0":{"start":{"line":3,"column":22},"end":{"line":8,"column":1}},"1":{"start":{"line":10,"column":0},"end":{"line":12,"column":2}},"2":{"start":{"line":11,"column":2},"end":{"line":11,"column":27}},"3":{"start":{"line":14,"column":0},"end":{"line":25,"column":2}},"4":{"start":{"line":15,"column":18},"end":{"line":15,"column":39}},"5":{"start":{"line":16,"column":16},"end":{"line":18,"column":4}},"6":{"start":{"line":17,"column":4},"end":{"line":17,"column":29}},"7":{"start":{"line":20,"column":2},"end":{"line":24,"column":3}},"8":{"start":{"line":21,"column":4},"end":{"line":21,"column":31}},"9":{"start":{"line":23,"column":4},"end":{"line":23,"column":32}},"10":{"start":{"line":27,"column":0},"end":{"line":29,"column":2}},"11":{"start":{"line":28,"column":2},"end":{"line":28,"column":29}},"12":{"start":{"line":31,"column":0},"end":{"line":42,"column":2}},"13":{"start":{"line":32,"column":18},"end":{"line":32,"column":39}},"14":{"start":{"line":33,"column":16},"end":{"line":35,"column":4}},"15":{"start":{"line":34,"column":4},"end":{"line":34,"column":29}},"16":{"start":{"line":37,"column":2},"end":{"line":41,"column":3}},"17":{"start":{"line":38,"column":4},"end":{"line":38,"column":31}},"18":{"start":{"line":40,"column":4},"end":{"line":40,"column":32}},"19":{"start":{"line":44,"column":0},"end":{"line":55,"column":2}},"20":{"start":{"line":45,"column":18},"end":{"line":45,"column":39}},"21":{"start":{"line":46,"column":16},"end":{"line":48,"column":4}},"22":{"start":{"line":47,"column":4},"end":{"line":47,"column":29}},"23":{"start":{"line":50,"column":2},"end":{"line":54,"column":3}},"24":{"start":{"line":51,"column":4},"end":{"line":51,"column":31}},"25":{"start":{"line":53,"column":4},"end":{"line":53,"column":32}}},"fnMap":{"0":{"name":"(anonymous_0)","decl":{"start":{"line":10,"column":20},"end":{"line":10,"column":21}},"loc":{"start":{"line":10,"column":66},"end":{"line":12,"column":1}},"line":10},"1":{"name":"(anonymous_1)","decl":{"start":{"line":14,"column":22},"end":{"line":14,"column":23}},"loc":{"start":{"line":14,"column":68},"end":{"line":25,"column":1}},"line":14},"2":{"name":"(anonymous_2)","decl":{"start":{"line":16,"column":30},"end":{"line":16,"column":31}},"loc":{"start":{"line":16,"column":38},"end":{"line":18,"column":3}},"line":16},"3":{"name":"(anonymous_3)","decl":{"start":{"line":27,"column":22},"end":{"line":27,"column":23}},"loc":{"start":{"line":27,"column":68},"end":{"line":29,"column":1}},"line":27},"4":{"name":"(anonymous_4)","decl":{"start":{"line":31,"column":22},"end":{"line":31,"column":23}},"loc":{"start":{"line":31,"column":68},"end":{"line":42,"column":1}},"line":31},"5":{"name":"(anonymous_5)","decl":{"start":{"line":33,"column":30},"end":{"line":33,"column":31}},"loc":{"start":{"line":33,"column":38},"end":{"line":35,"column":3}},"line":33},"6":{"name":"(anonymous_6)","decl":{"start":{"line":44,"column":22},"end":{"line":44,"column":23}},"loc":{"start":{"line":44,"column":68},"end":{"line":55,"column":1}},"line":44},"7":{"name":"(anonymous_7)","decl":{"start":{"line":46,"column":30},"end":{"line":46,"column":31}},"loc":{"start":{"line":46,"column":38},"end":{"line":48,"column":3}},"line":46}},"branchMap":{"0":{"loc":{"start":{"line":20,"column":2},"end":{"line":24,"column":3}},"type":"if","locations":[{"start":{"line":20,"column":2},"end":{"line":24,"column":3}},{"start":{"line":22,"column":9},"end":{"line":24,"column":3}}],"line":20},"1":{"loc":{"start":{"line":37,"column":2},"end":{"line":41,"column":3}},"type":"if","locations":[{"start":{"line":37,"column":2},"end":{"line":41,"column":3}},{"start":{"line":39,"column":9},"end":{"line":41,"column":3}}],"line":37},"2":{"loc":{"start":{"line":50,"column":2},"end":{"line":54,"column":3}},"type":"if","locations":[{"start":{"line":50,"column":2},"end":{"line":54,"column":3}},{"start":{"line":52,"column":9},"end":{"line":54,"column":3}}],"line":50}},"s":{"0":6,"1":6,"2":1,"3":6,"4":2,"5":2,"6":2,"7":2,"8":1,"9":1,"10":6,"11":1,"12":6,"13":4,"14":4,"15":4,"16":4,"17":2,"18":2,"19":6,"20":2,"21":2,"22":2,"23":2,"24":1,"25":1},"f":{"0":1,"1":2,"2":2,"3":1,"4":4,"5":4,"6":2,"7":2},"b":{"0":[1,1],"1":[2,2],"2":[1,1]},"_coverageSchema":"1a1c01bbd47fc00a2c39e90264f33305004495a9","hash":"904f6e484d45f0c7b3d5e81447ef0ccf9851f3e9"}
,"C:\\Users\\igor\\Desktop\\OTUS\\FullStackDeveloper\\WorkDir\\JavaScript Pro\\LeetCode_back\\src\\api\\controllers\\roleController.ts": {"path":"C:\\Users\\igor\\Desktop\\OTUS\\FullStackDeveloper\\WorkDir\\JavaScript Pro\\LeetCode_back\\src\\api\\controllers\\roleController.ts","statementMap":{"0":{"start":{"line":3,"column":21},"end":{"line":21,"column":1}},"1":{"start":{"line":23,"column":0},"end":{"line":25,"column":2}},"2":{"start":{"line":24,"column":2},"end":{"line":24,"column":26}},"3":{"start":{"line":27,"column":0},"end":{"line":38,"column":2}},"4":{"start":{"line":28,"column":17},"end":{"line":28,"column":38}},"5":{"start":{"line":29,"column":15},"end":{"line":31,"column":4}},"6":{"start":{"line":30,"column":4},"end":{"line":30,"column":28}},"7":{"start":{"line":33,"column":2},"end":{"line":37,"column":3}},"8":{"start":{"line":34,"column":4},"end":{"line":34,"column":30}},"9":{"start":{"line":36,"column":4},"end":{"line":36,"column":32}},"10":{"start":{"line":40,"column":0},"end":{"line":42,"column":2}},"11":{"start":{"line":41,"column":2},"end":{"line":41,"column":29}},"12":{"start":{"line":44,"column":0},"end":{"line":55,"column":2}},"13":{"start":{"line":45,"column":17},"end":{"line":45,"column":38}},"14":{"start":{"line":46,"column":15},"end":{"line":48,"column":4}},"15":{"start":{"line":47,"column":4},"end":{"line":47,"column":28}},"16":{"start":{"line":50,"column":2},"end":{"line":54,"column":3}},"17":{"start":{"line":51,"column":4},"end":{"line":51,"column":31}},"18":{"start":{"line":53,"column":4},"end":{"line":53,"column":32}},"19":{"start":{"line":57,"column":0},"end":{"line":68,"column":2}},"20":{"start":{"line":58,"column":17},"end":{"line":58,"column":38}},"21":{"start":{"line":59,"column":15},"end":{"line":61,"column":4}},"22":{"start":{"line":60,"column":4},"end":{"line":60,"column":28}},"23":{"start":{"line":63,"column":2},"end":{"line":67,"column":3}},"24":{"start":{"line":64,"column":4},"end":{"line":64,"column":30}},"25":{"start":{"line":66,"column":4},"end":{"line":66,"column":32}}},"fnMap":{"0":{"name":"(anonymous_0)","decl":{"start":{"line":23,"column":19},"end":{"line":23,"column":20}},"loc":{"start":{"line":23,"column":65},"end":{"line":25,"column":1}},"line":23},"1":{"name":"(anonymous_1)","decl":{"start":{"line":27,"column":21},"end":{"line":27,"column":22}},"loc":{"start":{"line":27,"column":67},"end":{"line":38,"column":1}},"line":27},"2":{"name":"(anonymous_2)","decl":{"start":{"line":29,"column":28},"end":{"line":29,"column":29}},"loc":{"start":{"line":29,"column":36},"end":{"line":31,"column":3}},"line":29},"3":{"name":"(anonymous_3)","decl":{"start":{"line":40,"column":21},"end":{"line":40,"column":22}},"loc":{"start":{"line":40,"column":67},"end":{"line":42,"column":1}},"line":40},"4":{"name":"(anonymous_4)","decl":{"start":{"line":44,"column":21},"end":{"line":44,"column":22}},"loc":{"start":{"line":44,"column":67},"end":{"line":55,"column":1}},"line":44},"5":{"name":"(anonymous_5)","decl":{"start":{"line":46,"column":28},"end":{"line":46,"column":29}},"loc":{"start":{"line":46,"column":36},"end":{"line":48,"column":3}},"line":46},"6":{"name":"(anonymous_6)","decl":{"start":{"line":57,"column":21},"end":{"line":57,"column":22}},"loc":{"start":{"line":57,"column":67},"end":{"line":68,"column":1}},"line":57},"7":{"name":"(anonymous_7)","decl":{"start":{"line":59,"column":28},"end":{"line":59,"column":29}},"loc":{"start":{"line":59,"column":36},"end":{"line":61,"column":3}},"line":59}},"branchMap":{"0":{"loc":{"start":{"line":33,"column":2},"end":{"line":37,"column":3}},"type":"if","locations":[{"start":{"line":33,"column":2},"end":{"line":37,"column":3}},{"start":{"line":35,"column":9},"end":{"line":37,"column":3}}],"line":33},"1":{"loc":{"start":{"line":50,"column":2},"end":{"line":54,"column":3}},"type":"if","locations":[{"start":{"line":50,"column":2},"end":{"line":54,"column":3}},{"start":{"line":52,"column":9},"end":{"line":54,"column":3}}],"line":50},"2":{"loc":{"start":{"line":63,"column":2},"end":{"line":67,"column":3}},"type":"if","locations":[{"start":{"line":63,"column":2},"end":{"line":67,"column":3}},{"start":{"line":65,"column":9},"end":{"line":67,"column":3}}],"line":63}},"s":{"0":6,"1":6,"2":1,"3":6,"4":2,"5":2,"6":2,"7":2,"8":1,"9":1,"10":6,"11":1,"12":6,"13":4,"14":4,"15":4,"16":4,"17":2,"18":2,"19":6,"20":2,"21":2,"22":2,"23":2,"24":1,"25":1},"f":{"0":1,"1":2,"2":2,"3":1,"4":4,"5":4,"6":2,"7":2},"b":{"0":[1,1],"1":[2,2],"2":[1,1]},"_coverageSchema":"1a1c01bbd47fc00a2c39e90264f33305004495a9","hash":"13d8abd5665418c1ed3bc76c4677d78338939e32"}
,"C:\\Users\\igor\\Desktop\\OTUS\\FullStackDeveloper\\WorkDir\\JavaScript Pro\\LeetCode_back\\src\\api\\controllers\\ruleController.ts": {"path":"C:\\Users\\igor\\Desktop\\OTUS\\FullStackDeveloper\\WorkDir\\JavaScript Pro\\LeetCode_back\\src\\api\\controllers\\ruleController.ts","statementMap":{"0":{"start":{"line":3,"column":21},"end":{"line":14,"column":1}},"1":{"start":{"line":16,"column":0},"end":{"line":18,"column":2}},"2":{"start":{"line":17,"column":2},"end":{"line":17,"column":26}},"3":{"start":{"line":20,"column":0},"end":{"line":31,"column":2}},"4":{"start":{"line":21,"column":17},"end":{"line":21,"column":38}},"5":{"start":{"line":22,"column":15},"end":{"line":24,"column":4}},"6":{"start":{"line":23,"column":4},"end":{"line":23,"column":28}},"7":{"start":{"line":26,"column":2},"end":{"line":30,"column":3}},"8":{"start":{"line":27,"column":4},"end":{"line":27,"column":30}},"9":{"start":{"line":29,"column":4},"end":{"line":29,"column":32}},"10":{"start":{"line":33,"column":0},"end":{"line":35,"column":2}},"11":{"start":{"line":34,"column":2},"end":{"line":34,"column":29}},"12":{"start":{"line":37,"column":0},"end":{"line":48,"column":2}},"13":{"start":{"line":38,"column":17},"end":{"line":38,"column":38}},"14":{"start":{"line":39,"column":15},"end":{"line":41,"column":4}},"15":{"start":{"line":40,"column":4},"end":{"line":40,"column":28}},"16":{"start":{"line":43,"column":2},"end":{"line":47,"column":3}},"17":{"start":{"line":44,"column":4},"end":{"line":44,"column":31}},"18":{"start":{"line":46,"column":4},"end":{"line":46,"column":32}},"19":{"start":{"line":50,"column":0},"end":{"line":61,"column":2}},"20":{"start":{"line":51,"column":17},"end":{"line":51,"column":38}},"21":{"start":{"line":52,"column":15},"end":{"line":54,"column":4}},"22":{"start":{"line":53,"column":4},"end":{"line":53,"column":28}},"23":{"start":{"line":56,"column":2},"end":{"line":60,"column":3}},"24":{"start":{"line":57,"column":4},"end":{"line":57,"column":30}},"25":{"start":{"line":59,"column":4},"end":{"line":59,"column":32}}},"fnMap":{"0":{"name":"(anonymous_0)","decl":{"start":{"line":16,"column":19},"end":{"line":16,"column":20}},"loc":{"start":{"line":16,"column":65},"end":{"line":18,"column":1}},"line":16},"1":{"name":"(anonymous_1)","decl":{"start":{"line":20,"column":21},"end":{"line":20,"column":22}},"loc":{"start":{"line":20,"column":67},"end":{"line":31,"column":1}},"line":20},"2":{"name":"(anonymous_2)","decl":{"start":{"line":22,"column":28},"end":{"line":22,"column":29}},"loc":{"start":{"line":22,"column":36},"end":{"line":24,"column":3}},"line":22},"3":{"name":"(anonymous_3)","decl":{"start":{"line":33,"column":21},"end":{"line":33,"column":22}},"loc":{"start":{"line":33,"column":67},"end":{"line":35,"column":1}},"line":33},"4":{"name":"(anonymous_4)","decl":{"start":{"line":37,"column":21},"end":{"line":37,"column":22}},"loc":{"start":{"line":37,"column":67},"end":{"line":48,"column":1}},"line":37},"5":{"name":"(anonymous_5)","decl":{"start":{"line":39,"column":28},"end":{"line":39,"column":29}},"loc":{"start":{"line":39,"column":36},"end":{"line":41,"column":3}},"line":39},"6":{"name":"(anonymous_6)","decl":{"start":{"line":50,"column":21},"end":{"line":50,"column":22}},"loc":{"start":{"line":50,"column":67},"end":{"line":61,"column":1}},"line":50},"7":{"name":"(anonymous_7)","decl":{"start":{"line":52,"column":28},"end":{"line":52,"column":29}},"loc":{"start":{"line":52,"column":36},"end":{"line":54,"column":3}},"line":52}},"branchMap":{"0":{"loc":{"start":{"line":26,"column":2},"end":{"line":30,"column":3}},"type":"if","locations":[{"start":{"line":26,"column":2},"end":{"line":30,"column":3}},{"start":{"line":28,"column":9},"end":{"line":30,"column":3}}],"line":26},"1":{"loc":{"start":{"line":43,"column":2},"end":{"line":47,"column":3}},"type":"if","locations":[{"start":{"line":43,"column":2},"end":{"line":47,"column":3}},{"start":{"line":45,"column":9},"end":{"line":47,"column":3}}],"line":43},"2":{"loc":{"start":{"line":56,"column":2},"end":{"line":60,"column":3}},"type":"if","locations":[{"start":{"line":56,"column":2},"end":{"line":60,"column":3}},{"start":{"line":58,"column":9},"end":{"line":60,"column":3}}],"line":56}},"s":{"0":6,"1":6,"2":1,"3":6,"4":2,"5":2,"6":4,"7":2,"8":1,"9":1,"10":6,"11":1,"12":6,"13":4,"14":4,"15":8,"16":4,"17":2,"18":2,"19":6,"20":2,"21":2,"22":4,"23":2,"24":1,"25":1},"f":{"0":1,"1":2,"2":4,"3":1,"4":4,"5":8,"6":2,"7":4},"b":{"0":[1,1],"1":[2,2],"2":[1,1]},"_coverageSchema":"1a1c01bbd47fc00a2c39e90264f33305004495a9","hash":"0ce75a152e9575722b1cc4e5842dc3c3e63929b5"}
,"C:\\Users\\igor\\Desktop\\OTUS\\FullStackDeveloper\\WorkDir\\JavaScript Pro\\LeetCode_back\\src\\api\\controllers\\taskController.ts": {"path":"C:\\Users\\igor\\Desktop\\OTUS\\FullStackDeveloper\\WorkDir\\JavaScript Pro\\LeetCode_back\\src\\api\\controllers\\taskController.ts","statementMap":{"0":{"start":{"line":3,"column":21},"end":{"line":12,"column":1}},"1":{"start":{"line":14,"column":0},"end":{"line":16,"column":2}},"2":{"start":{"line":15,"column":2},"end":{"line":15,"column":26}},"3":{"start":{"line":18,"column":0},"end":{"line":29,"column":2}},"4":{"start":{"line":19,"column":17},"end":{"line":19,"column":38}},"5":{"start":{"line":20,"column":15},"end":{"line":22,"column":4}},"6":{"start":{"line":21,"column":4},"end":{"line":21,"column":28}},"7":{"start":{"line":24,"column":2},"end":{"line":28,"column":3}},"8":{"start":{"line":25,"column":4},"end":{"line":25,"column":30}},"9":{"start":{"line":27,"column":4},"end":{"line":27,"column":32}},"10":{"start":{"line":31,"column":0},"end":{"line":33,"column":2}},"11":{"start":{"line":32,"column":2},"end":{"line":32,"column":29}},"12":{"start":{"line":35,"column":0},"end":{"line":46,"column":2}},"13":{"start":{"line":36,"column":17},"end":{"line":36,"column":38}},"14":{"start":{"line":37,"column":15},"end":{"line":39,"column":4}},"15":{"start":{"line":38,"column":4},"end":{"line":38,"column":28}},"16":{"start":{"line":41,"column":2},"end":{"line":45,"column":3}},"17":{"start":{"line":42,"column":4},"end":{"line":42,"column":31}},"18":{"start":{"line":44,"column":4},"end":{"line":44,"column":32}},"19":{"start":{"line":48,"column":0},"end":{"line":59,"column":2}},"20":{"start":{"line":49,"column":17},"end":{"line":49,"column":38}},"21":{"start":{"line":50,"column":15},"end":{"line":52,"column":4}},"22":{"start":{"line":51,"column":4},"end":{"line":51,"column":28}},"23":{"start":{"line":54,"column":2},"end":{"line":58,"column":3}},"24":{"start":{"line":55,"column":4},"end":{"line":55,"column":30}},"25":{"start":{"line":57,"column":4},"end":{"line":57,"column":32}}},"fnMap":{"0":{"name":"(anonymous_0)","decl":{"start":{"line":14,"column":19},"end":{"line":14,"column":20}},"loc":{"start":{"line":14,"column":65},"end":{"line":16,"column":1}},"line":14},"1":{"name":"(anonymous_1)","decl":{"start":{"line":18,"column":21},"end":{"line":18,"column":22}},"loc":{"start":{"line":18,"column":67},"end":{"line":29,"column":1}},"line":18},"2":{"name":"(anonymous_2)","decl":{"start":{"line":20,"column":28},"end":{"line":20,"column":29}},"loc":{"start":{"line":20,"column":36},"end":{"line":22,"column":3}},"line":20},"3":{"name":"(anonymous_3)","decl":{"start":{"line":31,"column":21},"end":{"line":31,"column":22}},"loc":{"start":{"line":31,"column":67},"end":{"line":33,"column":1}},"line":31},"4":{"name":"(anonymous_4)","decl":{"start":{"line":35,"column":21},"end":{"line":35,"column":22}},"loc":{"start":{"line":35,"column":67},"end":{"line":46,"column":1}},"line":35},"5":{"name":"(anonymous_5)","decl":{"start":{"line":37,"column":28},"end":{"line":37,"column":29}},"loc":{"start":{"line":37,"column":36},"end":{"line":39,"column":3}},"line":37},"6":{"name":"(anonymous_6)","decl":{"start":{"line":48,"column":21},"end":{"line":48,"column":22}},"loc":{"start":{"line":48,"column":67},"end":{"line":59,"column":1}},"line":48},"7":{"name":"(anonymous_7)","decl":{"start":{"line":50,"column":28},"end":{"line":50,"column":29}},"loc":{"start":{"line":50,"column":36},"end":{"line":52,"column":3}},"line":50}},"branchMap":{"0":{"loc":{"start":{"line":24,"column":2},"end":{"line":28,"column":3}},"type":"if","locations":[{"start":{"line":24,"column":2},"end":{"line":28,"column":3}},{"start":{"line":26,"column":9},"end":{"line":28,"column":3}}],"line":24},"1":{"loc":{"start":{"line":41,"column":2},"end":{"line":45,"column":3}},"type":"if","locations":[{"start":{"line":41,"column":2},"end":{"line":45,"column":3}},{"start":{"line":43,"column":9},"end":{"line":45,"column":3}}],"line":41},"2":{"loc":{"start":{"line":54,"column":2},"end":{"line":58,"column":3}},"type":"if","locations":[{"start":{"line":54,"column":2},"end":{"line":58,"column":3}},{"start":{"line":56,"column":9},"end":{"line":58,"column":3}}],"line":54}},"s":{"0":6,"1":6,"2":1,"3":6,"4":2,"5":2,"6":2,"7":2,"8":1,"9":1,"10":6,"11":1,"12":6,"13":4,"14":4,"15":4,"16":4,"17":2,"18":2,"19":6,"20":2,"21":2,"22":2,"23":2,"24":1,"25":1},"f":{"0":1,"1":2,"2":2,"3":1,"4":4,"5":4,"6":2,"7":2},"b":{"0":[1,1],"1":[2,2],"2":[1,1]},"_coverageSchema":"1a1c01bbd47fc00a2c39e90264f33305004495a9","hash":"f84b2459c9780c51679aa53554ca7930455f2148"}
,"C:\\Users\\igor\\Desktop\\OTUS\\FullStackDeveloper\\WorkDir\\JavaScript Pro\\LeetCode_back\\src\\api\\controllers\\userController.ts": {"path":"C:\\Users\\igor\\Desktop\\OTUS\\FullStackDeveloper\\WorkDir\\JavaScript Pro\\LeetCode_back\\src\\api\\controllers\\userController.ts","statementMap":{"0":{"start":{"line":3,"column":21},"end":{"line":27,"column":1}},"1":{"start":{"line":29,"column":0},"end":{"line":31,"column":2}},"2":{"start":{"line":30,"column":2},"end":{"line":30,"column":26}},"3":{"start":{"line":33,"column":0},"end":{"line":44,"column":2}},"4":{"start":{"line":34,"column":17},"end":{"line":34,"column":38}},"5":{"start":{"line":35,"column":15},"end":{"line":37,"column":4}},"6":{"start":{"line":36,"column":4},"end":{"line":36,"column":28}},"7":{"start":{"line":39,"column":2},"end":{"line":43,"column":3}},"8":{"start":{"line":40,"column":4},"end":{"line":40,"column":30}},"9":{"start":{"line":42,"column":4},"end":{"line":42,"column":32}},"10":{"start":{"line":46,"column":0},"end":{"line":48,"column":2}},"11":{"start":{"line":47,"column":2},"end":{"line":47,"column":29}},"12":{"start":{"line":50,"column":0},"end":{"line":61,"column":2}},"13":{"start":{"line":51,"column":17},"end":{"line":51,"column":38}},"14":{"start":{"line":52,"column":15},"end":{"line":54,"column":4}},"15":{"start":{"line":53,"column":4},"end":{"line":53,"column":28}},"16":{"start":{"line":56,"column":2},"end":{"line":60,"column":3}},"17":{"start":{"line":57,"column":4},"end":{"line":57,"column":31}},"18":{"start":{"line":59,"column":4},"end":{"line":59,"column":32}},"19":{"start":{"line":63,"column":0},"end":{"line":74,"column":2}},"20":{"start":{"line":64,"column":17},"end":{"line":64,"column":38}},"21":{"start":{"line":65,"column":15},"end":{"line":67,"column":4}},"22":{"start":{"line":66,"column":4},"end":{"line":66,"column":28}},"23":{"start":{"line":69,"column":2},"end":{"line":73,"column":3}},"24":{"start":{"line":70,"column":4},"end":{"line":70,"column":30}},"25":{"start":{"line":72,"column":4},"end":{"line":72,"column":32}}},"fnMap":{"0":{"name":"(anonymous_0)","decl":{"start":{"line":29,"column":19},"end":{"line":29,"column":20}},"loc":{"start":{"line":29,"column":65},"end":{"line":31,"column":1}},"line":29},"1":{"name":"(anonymous_1)","decl":{"start":{"line":33,"column":21},"end":{"line":33,"column":22}},"loc":{"start":{"line":33,"column":67},"end":{"line":44,"column":1}},"line":33},"2":{"name":"(anonymous_2)","decl":{"start":{"line":35,"column":28},"end":{"line":35,"column":29}},"loc":{"start":{"line":35,"column":36},"end":{"line":37,"column":3}},"line":35},"3":{"name":"(anonymous_3)","decl":{"start":{"line":46,"column":21},"end":{"line":46,"column":22}},"loc":{"start":{"line":46,"column":67},"end":{"line":48,"column":1}},"line":46},"4":{"name":"(anonymous_4)","decl":{"start":{"line":50,"column":21},"end":{"line":50,"column":22}},"loc":{"start":{"line":50,"column":67},"end":{"line":61,"column":1}},"line":50},"5":{"name":"(anonymous_5)","decl":{"start":{"line":52,"column":28},"end":{"line":52,"column":29}},"loc":{"start":{"line":52,"column":36},"end":{"line":54,"column":3}},"line":52},"6":{"name":"(anonymous_6)","decl":{"start":{"line":63,"column":21},"end":{"line":63,"column":22}},"loc":{"start":{"line":63,"column":67},"end":{"line":74,"column":1}},"line":63},"7":{"name":"(anonymous_7)","decl":{"start":{"line":65,"column":28},"end":{"line":65,"column":29}},"loc":{"start":{"line":65,"column":36},"end":{"line":67,"column":3}},"line":65}},"branchMap":{"0":{"loc":{"start":{"line":39,"column":2},"end":{"line":43,"column":3}},"type":"if","locations":[{"start":{"line":39,"column":2},"end":{"line":43,"column":3}},{"start":{"line":41,"column":9},"end":{"line":43,"column":3}}],"line":39},"1":{"loc":{"start":{"line":56,"column":2},"end":{"line":60,"column":3}},"type":"if","locations":[{"start":{"line":56,"column":2},"end":{"line":60,"column":3}},{"start":{"line":58,"column":9},"end":{"line":60,"column":3}}],"line":56},"2":{"loc":{"start":{"line":69,"column":2},"end":{"line":73,"column":3}},"type":"if","locations":[{"start":{"line":69,"column":2},"end":{"line":73,"column":3}},{"start":{"line":71,"column":9},"end":{"line":73,"column":3}}],"line":69}},"s":{"0":6,"1":6,"2":1,"3":6,"4":2,"5":2,"6":2,"7":2,"8":1,"9":1,"10":6,"11":1,"12":6,"13":4,"14":4,"15":4,"16":4,"17":2,"18":2,"19":6,"20":2,"21":2,"22":2,"23":2,"24":1,"25":1},"f":{"0":1,"1":2,"2":2,"3":1,"4":4,"5":4,"6":2,"7":2},"b":{"0":[1,1],"1":[2,2],"2":[1,1]},"_coverageSchema":"1a1c01bbd47fc00a2c39e90264f33305004495a9","hash":"1ee9a56c075f2c1a01f4d18aeb87b45a1b5ea1b7"}
,"C:\\Users\\igor\\Desktop\\OTUS\\FullStackDeveloper\\WorkDir\\JavaScript Pro\\LeetCode_back\\src\\api\\routes\\comments.ts": {"path":"C:\\Users\\igor\\Desktop\\OTUS\\FullStackDeveloper\\WorkDir\\JavaScript Pro\\LeetCode_back\\src\\api\\routes\\comments.ts","statementMap":{"0":{"start":{"line":3,"column":26},"end":{"line":3,"column":69}},"1":{"start":{"line":5,"column":30},"end":{"line":5,"column":46}},"2":{"start":{"line":8,"column":0},"end":{"line":8,"column":62}},"3":{"start":{"line":10,"column":0},"end":{"line":10,"column":68}},"4":{"start":{"line":12,"column":0},"end":{"line":12,"column":65}},"5":{"start":{"line":14,"column":0},"end":{"line":14,"column":68}},"6":{"start":{"line":16,"column":0},"end":{"line":16,"column":70}},"7":{"start":{"line":18,"column":0},"end":{"line":18,"column":71}}},"fnMap":{},"branchMap":{},"s":{"0":6,"1":6,"2":6,"3":6,"4":6,"5":6,"6":6,"7":6},"f":{},"b":{},"_coverageSchema":"1a1c01bbd47fc00a2c39e90264f33305004495a9","hash":"1ee413f4988a14fccc7283b2847c99de68588e65"}
,"C:\\Users\\igor\\Desktop\\OTUS\\FullStackDeveloper\\WorkDir\\JavaScript Pro\\LeetCode_back\\src\\api\\routes\\levels.ts": {"path":"C:\\Users\\igor\\Desktop\\OTUS\\FullStackDeveloper\\WorkDir\\JavaScript Pro\\LeetCode_back\\src\\api\\routes\\levels.ts","statementMap":{"0":{"start":{"line":3,"column":28},"end":{"line":3,"column":44}},"1":{"start":{"line":5,"column":24},"end":{"line":5,"column":65}},"2":{"start":{"line":7,"column":0},"end":{"line":7,"column":55}},"3":{"start":{"line":9,"column":0},"end":{"line":9,"column":61}},"4":{"start":{"line":11,"column":0},"end":{"line":11,"column":58}},"5":{"start":{"line":13,"column":0},"end":{"line":13,"column":61}},"6":{"start":{"line":15,"column":0},"end":{"line":15,"column":63}},"7":{"start":{"line":17,"column":0},"end":{"line":17,"column":64}}},"fnMap":{},"branchMap":{},"s":{"0":6,"1":6,"2":6,"3":6,"4":6,"5":6,"6":6,"7":6},"f":{},"b":{},"_coverageSchema":"1a1c01bbd47fc00a2c39e90264f33305004495a9","hash":"4dfeab85b741d704e3c68662528817db6aec01a0"}
,"C:\\Users\\igor\\Desktop\\OTUS\\FullStackDeveloper\\WorkDir\\JavaScript Pro\\LeetCode_back\\src\\api\\routes\\roles.ts": {"path":"C:\\Users\\igor\\Desktop\\OTUS\\FullStackDeveloper\\WorkDir\\JavaScript Pro\\LeetCode_back\\src\\api\\routes\\roles.ts","statementMap":{"0":{"start":{"line":3,"column":27},"end":{"line":3,"column":43}},"1":{"start":{"line":5,"column":23},"end":{"line":5,"column":63}},"2":{"start":{"line":7,"column":0},"end":{"line":7,"column":51}},"3":{"start":{"line":9,"column":0},"end":{"line":9,"column":57}},"4":{"start":{"line":11,"column":0},"end":{"line":11,"column":54}},"5":{"start":{"line":13,"column":0},"end":{"line":13,"column":57}},"6":{"start":{"line":15,"column":0},"end":{"line":15,"column":59}},"7":{"start":{"line":17,"column":0},"end":{"line":17,"column":60}}},"fnMap":{},"branchMap":{},"s":{"0":6,"1":6,"2":6,"3":6,"4":6,"5":6,"6":6,"7":6},"f":{},"b":{},"_coverageSchema":"1a1c01bbd47fc00a2c39e90264f33305004495a9","hash":"0a3a58ac905c2842b356b9aba6c396444fbd3089"}
,"C:\\Users\\igor\\Desktop\\OTUS\\FullStackDeveloper\\WorkDir\\JavaScript Pro\\LeetCode_back\\src\\api\\routes\\rules.ts": {"path":"C:\\Users\\igor\\Desktop\\OTUS\\FullStackDeveloper\\WorkDir\\JavaScript Pro\\LeetCode_back\\src\\api\\routes\\rules.ts","statementMap":{"0":{"start":{"line":3,"column":27},"end":{"line":3,"column":43}},"1":{"start":{"line":5,"column":23},"end":{"line":5,"column":63}},"2":{"start":{"line":7,"column":0},"end":{"line":7,"column":50}},"3":{"start":{"line":9,"column":0},"end":{"line":9,"column":56}},"4":{"start":{"line":11,"column":0},"end":{"line":11,"column":53}},"5":{"start":{"line":13,"column":0},"end":{"line":13,"column":56}},"6":{"start":{"line":15,"column":0},"end":{"line":15,"column":58}},"7":{"start":{"line":17,"column":0},"end":{"line":17,"column":59}}},"fnMap":{},"branchMap":{},"s":{"0":6,"1":6,"2":6,"3":6,"4":6,"5":6,"6":6,"7":6},"f":{},"b":{},"_coverageSchema":"1a1c01bbd47fc00a2c39e90264f33305004495a9","hash":"55103f0d3066eb1ff6d584da010b89864a860df7"}
,"C:\\Users\\igor\\Desktop\\OTUS\\FullStackDeveloper\\WorkDir\\JavaScript Pro\\LeetCode_back\\src\\api\\routes\\tasks.ts": {"path":"C:\\Users\\igor\\Desktop\\OTUS\\FullStackDeveloper\\WorkDir\\JavaScript Pro\\LeetCode_back\\src\\api\\routes\\tasks.ts","statementMap":{"0":{"start":{"line":3,"column":27},"end":{"line":3,"column":43}},"1":{"start":{"line":5,"column":22},"end":{"line":5,"column":62}},"2":{"start":{"line":7,"column":0},"end":{"line":7,"column":49}},"3":{"start":{"line":9,"column":0},"end":{"line":9,"column":55}},"4":{"start":{"line":11,"column":0},"end":{"line":11,"column":52}},"5":{"start":{"line":13,"column":0},"end":{"line":13,"column":55}},"6":{"start":{"line":15,"column":0},"end":{"line":15,"column":57}},"7":{"start":{"line":17,"column":0},"end":{"line":17,"column":58}}},"fnMap":{},"branchMap":{},"s":{"0":6,"1":6,"2":6,"3":6,"4":6,"5":6,"6":6,"7":6},"f":{},"b":{},"_coverageSchema":"1a1c01bbd47fc00a2c39e90264f33305004495a9","hash":"45547e0967e4b754e36d02c9f7cc4ac582574e85"}
,"C:\\Users\\igor\\Desktop\\OTUS\\FullStackDeveloper\\WorkDir\\JavaScript Pro\\LeetCode_back\\src\\api\\routes\\users.ts": {"path":"C:\\Users\\igor\\Desktop\\OTUS\\FullStackDeveloper\\WorkDir\\JavaScript Pro\\LeetCode_back\\src\\api\\routes\\users.ts","statementMap":{"0":{"start":{"line":3,"column":27},"end":{"line":3,"column":43}},"1":{"start":{"line":5,"column":23},"end":{"line":5,"column":63}},"2":{"start":{"line":7,"column":0},"end":{"line":7,"column":50}},"3":{"start":{"line":9,"column":0},"end":{"line":9,"column":55}},"4":{"start":{"line":11,"column":0},"end":{"line":11,"column":53}},"5":{"start":{"line":13,"column":0},"end":{"line":13,"column":56}},"6":{"start":{"line":14,"column":0},"end":{"line":14,"column":58}},"7":{"start":{"line":16,"column":0},"end":{"line":16,"column":59}}},"fnMap":{},"branchMap":{},"s":{"0":6,"1":6,"2":6,"3":6,"4":6,"5":6,"6":6,"7":6},"f":{},"b":{},"_coverageSchema":"1a1c01bbd47fc00a2c39e90264f33305004495a9","hash":"3c8b5716c73a324e04605c46de1b9f76c90da911"}
}
