{"C:\\Users\\igor\\Desktop\\OTUS\\FullStackDeveloper\\WorkDir\\JavaScript Pro\\LeetCode_back\\src\\app.ts": {"path":"C:\\Users\\igor\\Desktop\\OTUS\\FullStackDeveloper\\WorkDir\\JavaScript Pro\\LeetCode_back\\src\\app.ts","statementMap":{"0":{"start":{"line":11,"column":28},"end":{"line":11,"column":37}},"1":{"start":{"line":13,"column":0},"end":{"line":13,"column":27}},"2":{"start":{"line":15,"column":0},"end":{"line":17,"column":3}},"3":{"start":{"line":16,"column":2},"end":{"line":16,"column":27}},"4":{"start":{"line":19,"column":0},"end":{"line":19,"column":21}},"5":{"start":{"line":20,"column":0},"end":{"line":20,"column":21}},"6":{"start":{"line":21,"column":0},"end":{"line":21,"column":24}},"7":{"start":{"line":22,"column":0},"end":{"line":22,"column":21}},"8":{"start":{"line":23,"column":0},"end":{"line":23,"column":21}},"9":{"start":{"line":24,"column":0},"end":{"line":24,"column":22}},"10":{"start":{"line":26,"column":0},"end":{"line":33,"column":3}},"11":{"start":{"line":32,"column":2},"end":{"line":32,"column":49}}},"fnMap":{"0":{"name":"(anonymous_0)","decl":{"start":{"line":15,"column":13},"end":{"line":15,"column":14}},"loc":{"start":{"line":15,"column":46},"end":{"line":17,"column":1}},"line":15},"1":{"name":"(anonymous_1)","decl":{"start":{"line":26,"column":8},"end":{"line":26,"column":9}},"loc":{"start":{"line":31,"column":2},"end":{"line":33,"column":1}},"line":31}},"branchMap":{},"s":{"0":6,"1":6,"2":6,"3":0,"4":6,"5":6,"6":6,"7":6,"8":6,"9":6,"10":6,"11":0},"f":{"0":0,"1":0},"b":{},"_coverageSchema":"1a1c01bbd47fc00a2c39e90264f33305004495a9","hash":"d2e65ed2cb3a27063dcbc62559efb3f8caed3427"}
,"C:\\Users\\igor\\Desktop\\OTUS\\FullStackDeveloper\\WorkDir\\JavaScript Pro\\LeetCode_back\\src\\api\\controllers\\commentController.ts": {"path":"C:\\Users\\igor\\Desktop\\OTUS\\FullStackDeveloper\\WorkDir\\JavaScript Pro\\LeetCode_back\\src\\api\\controllers\\commentController.ts","statementMap":{"0":{"start":{"line":6,"column":36},"end":{"line":44,"column":1}},"1":{"start":{"line":46,"column":0},"end":{"line":50,"column":2}},"2":{"start":{"line":47,"column":17},"end":{"line":47,"column":60}},"3":{"start":{"line":48,"column":17},"end":{"line":48,"column":60}},"4":{"start":{"line":49,"column":2},"end":{"line":49,"column":22}},"5":{"start":{"line":52,"column":0},"end":{"line":63,"column":2}},"6":{"start":{"line":53,"column":20},"end":{"line":53,"column":41}},"7":{"start":{"line":54,"column":18},"end":{"line":56,"column":4}},"8":{"start":{"line":55,"column":4},"end":{"line":55,"column":31}},"9":{"start":{"line":58,"column":2},"end":{"line":62,"column":3}},"10":{"start":{"line":59,"column":4},"end":{"line":59,"column":33}},"11":{"start":{"line":61,"column":4},"end":{"line":61,"column":32}},"12":{"start":{"line":65,"column":0},"end":{"line":67,"column":2}},"13":{"start":{"line":66,"column":2},"end":{"line":66,"column":29}},"14":{"start":{"line":69,"column":0},"end":{"line":80,"column":2}},"15":{"start":{"line":70,"column":20},"end":{"line":70,"column":41}},"16":{"start":{"line":71,"column":18},"end":{"line":73,"column":4}},"17":{"start":{"line":72,"column":4},"end":{"line":72,"column":31}},"18":{"start":{"line":75,"column":2},"end":{"line":79,"column":3}},"19":{"start":{"line":76,"column":4},"end":{"line":76,"column":31}},"20":{"start":{"line":78,"column":4},"end":{"line":78,"column":32}},"21":{"start":{"line":82,"column":0},"end":{"line":93,"column":2}},"22":{"start":{"line":83,"column":20},"end":{"line":83,"column":41}},"23":{"start":{"line":84,"column":18},"end":{"line":86,"column":4}},"24":{"start":{"line":85,"column":4},"end":{"line":85,"column":31}},"25":{"start":{"line":88,"column":2},"end":{"line":92,"column":3}},"26":{"start":{"line":89,"column":4},"end":{"line":89,"column":33}},"27":{"start":{"line":91,"column":4},"end":{"line":91,"column":32}}},"fnMap":{"0":{"name":"(anonymous_0)","decl":{"start":{"line":46,"column":22},"end":{"line":46,"column":23}},"loc":{"start":{"line":46,"column":68},"end":{"line":50,"column":1}},"line":46},"1":{"name":"(anonymous_1)","decl":{"start":{"line":52,"column":25},"end":{"line":52,"column":26}},"loc":{"start":{"line":52,"column":71},"end":{"line":63,"column":1}},"line":52},"2":{"name":"(anonymous_2)","decl":{"start":{"line":54,"column":34},"end":{"line":54,"column":35}},"loc":{"start":{"line":54,"column":42},"end":{"line":56,"column":3}},"line":54},"3":{"name":"(anonymous_3)","decl":{"start":{"line":65,"column":24},"end":{"line":65,"column":25}},"loc":{"start":{"line":65,"column":70},"end":{"line":67,"column":1}},"line":65},"4":{"name":"(anonymous_4)","decl":{"start":{"line":69,"column":24},"end":{"line":69,"column":25}},"loc":{"start":{"line":69,"column":70},"end":{"line":80,"column":1}},"line":69},"5":{"name":"(anonymous_5)","decl":{"start":{"line":71,"column":34},"end":{"line":71,"column":35}},"loc":{"start":{"line":71,"column":42},"end":{"line":73,"column":3}},"line":71},"6":{"name":"(anonymous_6)","decl":{"start":{"line":82,"column":24},"end":{"line":82,"column":25}},"loc":{"start":{"line":82,"column":70},"end":{"line":93,"column":1}},"line":82},"7":{"name":"(anonymous_7)","decl":{"start":{"line":84,"column":34},"end":{"line":84,"column":35}},"loc":{"start":{"line":84,"column":42},"end":{"line":86,"column":3}},"line":84}},"branchMap":{"0":{"loc":{"start":{"line":47,"column":17},"end":{"line":47,"column":60}},"type":"cond-expr","locations":[{"start":{"line":47,"column":34},"end":{"line":47,"column":48}},{"start":{"line":47,"column":51},"end":{"line":47,"column":60}}],"line":47},"1":{"loc":{"start":{"line":48,"column":17},"end":{"line":48,"column":60}},"type":"cond-expr","locations":[{"start":{"line":48,"column":34},"end":{"line":48,"column":48}},{"start":{"line":48,"column":51},"end":{"line":48,"column":60}}],"line":48},"2":{"loc":{"start":{"line":58,"column":2},"end":{"line":62,"column":3}},"type":"if","locations":[{"start":{"line":58,"column":2},"end":{"line":62,"column":3}},{"start":{"line":60,"column":9},"end":{"line":62,"column":3}}],"line":58},"3":{"loc":{"start":{"line":75,"column":2},"end":{"line":79,"column":3}},"type":"if","locations":[{"start":{"line":75,"column":2},"end":{"line":79,"column":3}},{"start":{"line":77,"column":9},"end":{"line":79,"column":3}}],"line":75},"4":{"loc":{"start":{"line":88,"column":2},"end":{"line":92,"column":3}},"type":"if","locations":[{"start":{"line":88,"column":2},"end":{"line":92,"column":3}},{"start":{"line":90,"column":9},"end":{"line":92,"column":3}}],"line":88}},"s":{"0":6,"1":6,"2":1,"3":1,"4":1,"5":6,"6":2,"7":2,"8":2,"9":2,"10":1,"11":1,"12":6,"13":1,"14":6,"15":4,"16":4,"17":4,"18":4,"19":2,"20":2,"21":6,"22":2,"23":2,"24":2,"25":2,"26":1,"27":1},"f":{"0":1,"1":2,"2":2,"3":1,"4":4,"5":4,"6":2,"7":2},"b":{"0":[0,1],"1":[0,1],"2":[1,1],"3":[2,2],"4":[1,1]},"_coverageSchema":"1a1c01bbd47fc00a2c39e90264f33305004495a9","hash":"ffb1aa68a4a5132a64c4c7f5009039e7003900a4"}
,"C:\\Users\\igor\\Desktop\\OTUS\\FullStackDeveloper\\WorkDir\\JavaScript Pro\\LeetCode_back\\src\\api\\controllers\\levelController.ts": {"path":"C:\\Users\\igor\\Desktop\\OTUS\\FullStackDeveloper\\WorkDir\\JavaScript Pro\\LeetCode_back\\src\\api\\controllers\\levelController.ts","statementMap":{"0":{"start":{"line":3,"column":22},"end":{"line":8,"column":1}},"1":{"start":{"line":10,"column":0},"end":{"line":12,"column":2}},"2":{"start":{"line":11,"column":2},"end":{"line":11,"column":27}},"3":{"start":{"line":14,"column":0},"end":{"line":25,"column":2}},"4":{"start":{"line":15,"column":18},"end":{"line":15,"column":39}},"5":{"start":{"line":16,"column":16},"end":{"line":18,"column":4}},"6":{"start":{"line":17,"column":4},"end":{"line":17,"column":29}},"7":{"start":{"line":20,"column":2},"end":{"line":24,"column":3}},"8":{"start":{"line":21,"column":4},"end":{"line":21,"column":31}},"9":{"start":{"line":23,"column":4},"end":{"line":23,"column":32}},"10":{"start":{"line":27,"column":0},"end":{"line":29,"column":2}},"11":{"start":{"line":28,"column":2},"end":{"line":28,"column":29}},"12":{"start":{"line":31,"column":0},"end":{"line":42,"column":2}},"13":{"start":{"line":32,"column":18},"end":{"line":32,"column":39}},"14":{"start":{"line":33,"column":16},"end":{"line":35,"column":4}},"15":{"start":{"line":34,"column":4},"end":{"line":34,"column":29}},"16":{"start":{"line":37,"column":2},"end":{"line":41,"column":3}},"17":{"start":{"line":38,"column":4},"end":{"line":38,"column":31}},"18":{"start":{"line":40,"column":4},"end":{"line":40,"column":32}},"19":{"start":{"line":44,"column":0},"end":{"line":55,"column":2}},"20":{"start":{"line":45,"column":18},"end":{"line":45,"column":39}},"21":{"start":{"line":46,"column":16},"end":{"line":48,"column":4}},"22":{"start":{"line":47,"column":4},"end":{"line":47,"column":29}},"23":{"start":{"line":50,"column":2},"end":{"line":54,"column":3}},"24":{"start":{"line":51,"column":4},"end":{"line":51,"column":31}},"25":{"start":{"line":53,"column":4},"end":{"line":53,"column":32}}},"fnMap":{"0":{"name":"(anonymous_0)","decl":{"start":{"line":10,"column":20},"end":{"line":10,"column":21}},"loc":{"start":{"line":10,"column":66},"end":{"line":12,"column":1}},"line":10},"1":{"name":"(anonymous_1)","decl":{"start":{"line":14,"column":23},"end":{"line":14,"column":24}},"loc":{"start":{"line":14,"column":69},"end":{"line":25,"column":1}},"line":14},"2":{"name":"(anonymous_2)","decl":{"start":{"line":16,"column":30},"end":{"line":16,"column":31}},"loc":{"start":{"line":16,"column":38},"end":{"line":18,"column":3}},"line":16},"3":{"name":"(anonymous_3)","decl":{"start":{"line":27,"column":22},"end":{"line":27,"column":23}},"loc":{"start":{"line":27,"column":68},"end":{"line":29,"column":1}},"line":27},"4":{"name":"(anonymous_4)","decl":{"start":{"line":31,"column":22},"end":{"line":31,"column":23}},"loc":{"start":{"line":31,"column":68},"end":{"line":42,"column":1}},"line":31},"5":{"name":"(anonymous_5)","decl":{"start":{"line":33,"column":30},"end":{"line":33,"column":31}},"loc":{"start":{"line":33,"column":38},"end":{"line":35,"column":3}},"line":33},"6":{"name":"(anonymous_6)","decl":{"start":{"line":44,"column":22},"end":{"line":44,"column":23}},"loc":{"start":{"line":44,"column":68},"end":{"line":55,"column":1}},"line":44},"7":{"name":"(anonymous_7)","decl":{"start":{"line":46,"column":30},"end":{"line":46,"column":31}},"loc":{"start":{"line":46,"column":38},"end":{"line":48,"column":3}},"line":46}},"branchMap":{"0":{"loc":{"start":{"line":20,"column":2},"end":{"line":24,"column":3}},"type":"if","locations":[{"start":{"line":20,"column":2},"end":{"line":24,"column":3}},{"start":{"line":22,"column":9},"end":{"line":24,"column":3}}],"line":20},"1":{"loc":{"start":{"line":37,"column":2},"end":{"line":41,"column":3}},"type":"if","locations":[{"start":{"line":37,"column":2},"end":{"line":41,"column":3}},{"start":{"line":39,"column":9},"end":{"line":41,"column":3}}],"line":37},"2":{"loc":{"start":{"line":50,"column":2},"end":{"line":54,"column":3}},"type":"if","locations":[{"start":{"line":50,"column":2},"end":{"line":54,"column":3}},{"start":{"line":52,"column":9},"end":{"line":54,"column":3}}],"line":50}},"s":{"0":6,"1":6,"2":1,"3":6,"4":2,"5":2,"6":2,"7":2,"8":1,"9":1,"10":6,"11":1,"12":6,"13":4,"14":4,"15":4,"16":4,"17":2,"18":2,"19":6,"20":2,"21":2,"22":2,"23":2,"24":1,"25":1},"f":{"0":1,"1":2,"2":2,"3":1,"4":4,"5":4,"6":2,"7":2},"b":{"0":[1,1],"1":[2,2],"2":[1,1]},"_coverageSchema":"1a1c01bbd47fc00a2c39e90264f33305004495a9","hash":"30873f8888539106a61eaba6da49aec7e96d1651"}
,"C:\\Users\\igor\\Desktop\\OTUS\\FullStackDeveloper\\WorkDir\\JavaScript Pro\\LeetCode_back\\src\\api\\controllers\\roleController.ts": {"path":"C:\\Users\\igor\\Desktop\\OTUS\\FullStackDeveloper\\WorkDir\\JavaScript Pro\\LeetCode_back\\src\\api\\controllers\\roleController.ts","statementMap":{"0":{"start":{"line":3,"column":21},"end":{"line":21,"column":1}},"1":{"start":{"line":23,"column":0},"end":{"line":25,"column":2}},"2":{"start":{"line":24,"column":2},"end":{"line":24,"column":26}},"3":{"start":{"line":27,"column":0},"end":{"line":38,"column":2}},"4":{"start":{"line":28,"column":17},"end":{"line":28,"column":38}},"5":{"start":{"line":29,"column":15},"end":{"line":31,"column":4}},"6":{"start":{"line":30,"column":4},"end":{"line":30,"column":28}},"7":{"start":{"line":33,"column":2},"end":{"line":37,"column":3}},"8":{"start":{"line":34,"column":4},"end":{"line":34,"column":30}},"9":{"start":{"line":36,"column":4},"end":{"line":36,"column":32}},"10":{"start":{"line":40,"column":0},"end":{"line":42,"column":2}},"11":{"start":{"line":41,"column":2},"end":{"line":41,"column":29}},"12":{"start":{"line":44,"column":0},"end":{"line":55,"column":2}},"13":{"start":{"line":45,"column":17},"end":{"line":45,"column":38}},"14":{"start":{"line":46,"column":15},"end":{"line":48,"column":4}},"15":{"start":{"line":47,"column":4},"end":{"line":47,"column":28}},"16":{"start":{"line":50,"column":2},"end":{"line":54,"column":3}},"17":{"start":{"line":51,"column":4},"end":{"line":51,"column":31}},"18":{"start":{"line":53,"column":4},"end":{"line":53,"column":32}},"19":{"start":{"line":57,"column":0},"end":{"line":68,"column":2}},"20":{"start":{"line":58,"column":17},"end":{"line":58,"column":38}},"21":{"start":{"line":59,"column":15},"end":{"line":61,"column":4}},"22":{"start":{"line":60,"column":4},"end":{"line":60,"column":28}},"23":{"start":{"line":63,"column":2},"end":{"line":67,"column":3}},"24":{"start":{"line":64,"column":4},"end":{"line":64,"column":30}},"25":{"start":{"line":66,"column":4},"end":{"line":66,"column":32}}},"fnMap":{"0":{"name":"(anonymous_0)","decl":{"start":{"line":23,"column":19},"end":{"line":23,"column":20}},"loc":{"start":{"line":23,"column":65},"end":{"line":25,"column":1}},"line":23},"1":{"name":"(anonymous_1)","decl":{"start":{"line":27,"column":22},"end":{"line":27,"column":23}},"loc":{"start":{"line":27,"column":68},"end":{"line":38,"column":1}},"line":27},"2":{"name":"(anonymous_2)","decl":{"start":{"line":29,"column":28},"end":{"line":29,"column":29}},"loc":{"start":{"line":29,"column":36},"end":{"line":31,"column":3}},"line":29},"3":{"name":"(anonymous_3)","decl":{"start":{"line":40,"column":21},"end":{"line":40,"column":22}},"loc":{"start":{"line":40,"column":67},"end":{"line":42,"column":1}},"line":40},"4":{"name":"(anonymous_4)","decl":{"start":{"line":44,"column":21},"end":{"line":44,"column":22}},"loc":{"start":{"line":44,"column":67},"end":{"line":55,"column":1}},"line":44},"5":{"name":"(anonymous_5)","decl":{"start":{"line":46,"column":28},"end":{"line":46,"column":29}},"loc":{"start":{"line":46,"column":36},"end":{"line":48,"column":3}},"line":46},"6":{"name":"(anonymous_6)","decl":{"start":{"line":57,"column":21},"end":{"line":57,"column":22}},"loc":{"start":{"line":57,"column":67},"end":{"line":68,"column":1}},"line":57},"7":{"name":"(anonymous_7)","decl":{"start":{"line":59,"column":28},"end":{"line":59,"column":29}},"loc":{"start":{"line":59,"column":36},"end":{"line":61,"column":3}},"line":59}},"branchMap":{"0":{"loc":{"start":{"line":33,"column":2},"end":{"line":37,"column":3}},"type":"if","locations":[{"start":{"line":33,"column":2},"end":{"line":37,"column":3}},{"start":{"line":35,"column":9},"end":{"line":37,"column":3}}],"line":33},"1":{"loc":{"start":{"line":50,"column":2},"end":{"line":54,"column":3}},"type":"if","locations":[{"start":{"line":50,"column":2},"end":{"line":54,"column":3}},{"start":{"line":52,"column":9},"end":{"line":54,"column":3}}],"line":50},"2":{"loc":{"start":{"line":63,"column":2},"end":{"line":67,"column":3}},"type":"if","locations":[{"start":{"line":63,"column":2},"end":{"line":67,"column":3}},{"start":{"line":65,"column":9},"end":{"line":67,"column":3}}],"line":63}},"s":{"0":6,"1":6,"2":1,"3":6,"4":2,"5":2,"6":2,"7":2,"8":1,"9":1,"10":6,"11":1,"12":6,"13":4,"14":4,"15":4,"16":4,"17":2,"18":2,"19":6,"20":2,"21":2,"22":2,"23":2,"24":1,"25":1},"f":{"0":1,"1":2,"2":2,"3":1,"4":4,"5":4,"6":2,"7":2},"b":{"0":[1,1],"1":[2,2],"2":[1,1]},"_coverageSchema":"1a1c01bbd47fc00a2c39e90264f33305004495a9","hash":"763c4190db6666c19eefcedbfd38f33a61540a3a"}
,"C:\\Users\\igor\\Desktop\\OTUS\\FullStackDeveloper\\WorkDir\\JavaScript Pro\\LeetCode_back\\src\\api\\controllers\\ruleController.ts": {"path":"C:\\Users\\igor\\Desktop\\OTUS\\FullStackDeveloper\\WorkDir\\JavaScript Pro\\LeetCode_back\\src\\api\\controllers\\ruleController.ts","statementMap":{"0":{"start":{"line":3,"column":21},"end":{"line":14,"column":1}},"1":{"start":{"line":16,"column":0},"end":{"line":18,"column":2}},"2":{"start":{"line":17,"column":2},"end":{"line":17,"column":26}},"3":{"start":{"line":20,"column":0},"end":{"line":31,"column":2}},"4":{"start":{"line":21,"column":17},"end":{"line":21,"column":38}},"5":{"start":{"line":22,"column":15},"end":{"line":24,"column":4}},"6":{"start":{"line":23,"column":4},"end":{"line":23,"column":28}},"7":{"start":{"line":26,"column":2},"end":{"line":30,"column":3}},"8":{"start":{"line":27,"column":4},"end":{"line":27,"column":30}},"9":{"start":{"line":29,"column":4},"end":{"line":29,"column":32}},"10":{"start":{"line":33,"column":0},"end":{"line":35,"column":2}},"11":{"start":{"line":34,"column":2},"end":{"line":34,"column":29}},"12":{"start":{"line":37,"column":0},"end":{"line":48,"column":2}},"13":{"start":{"line":38,"column":17},"end":{"line":38,"column":38}},"14":{"start":{"line":39,"column":15},"end":{"line":41,"column":4}},"15":{"start":{"line":40,"column":4},"end":{"line":40,"column":28}},"16":{"start":{"line":43,"column":2},"end":{"line":47,"column":3}},"17":{"start":{"line":44,"column":4},"end":{"line":44,"column":31}},"18":{"start":{"line":46,"column":4},"end":{"line":46,"column":32}},"19":{"start":{"line":50,"column":0},"end":{"line":61,"column":2}},"20":{"start":{"line":51,"column":17},"end":{"line":51,"column":38}},"21":{"start":{"line":52,"column":15},"end":{"line":54,"column":4}},"22":{"start":{"line":53,"column":4},"end":{"line":53,"column":28}},"23":{"start":{"line":56,"column":2},"end":{"line":60,"column":3}},"24":{"start":{"line":57,"column":4},"end":{"line":57,"column":30}},"25":{"start":{"line":59,"column":4},"end":{"line":59,"column":32}}},"fnMap":{"0":{"name":"(anonymous_0)","decl":{"start":{"line":16,"column":19},"end":{"line":16,"column":20}},"loc":{"start":{"line":16,"column":65},"end":{"line":18,"column":1}},"line":16},"1":{"name":"(anonymous_1)","decl":{"start":{"line":20,"column":22},"end":{"line":20,"column":23}},"loc":{"start":{"line":20,"column":68},"end":{"line":31,"column":1}},"line":20},"2":{"name":"(anonymous_2)","decl":{"start":{"line":22,"column":28},"end":{"line":22,"column":29}},"loc":{"start":{"line":22,"column":36},"end":{"line":24,"column":3}},"line":22},"3":{"name":"(anonymous_3)","decl":{"start":{"line":33,"column":21},"end":{"line":33,"column":22}},"loc":{"start":{"line":33,"column":67},"end":{"line":35,"column":1}},"line":33},"4":{"name":"(anonymous_4)","decl":{"start":{"line":37,"column":21},"end":{"line":37,"column":22}},"loc":{"start":{"line":37,"column":67},"end":{"line":48,"column":1}},"line":37},"5":{"name":"(anonymous_5)","decl":{"start":{"line":39,"column":28},"end":{"line":39,"column":29}},"loc":{"start":{"line":39,"column":36},"end":{"line":41,"column":3}},"line":39},"6":{"name":"(anonymous_6)","decl":{"start":{"line":50,"column":21},"end":{"line":50,"column":22}},"loc":{"start":{"line":50,"column":67},"end":{"line":61,"column":1}},"line":50},"7":{"name":"(anonymous_7)","decl":{"start":{"line":52,"column":28},"end":{"line":52,"column":29}},"loc":{"start":{"line":52,"column":36},"end":{"line":54,"column":3}},"line":52}},"branchMap":{"0":{"loc":{"start":{"line":26,"column":2},"end":{"line":30,"column":3}},"type":"if","locations":[{"start":{"line":26,"column":2},"end":{"line":30,"column":3}},{"start":{"line":28,"column":9},"end":{"line":30,"column":3}}],"line":26},"1":{"loc":{"start":{"line":43,"column":2},"end":{"line":47,"column":3}},"type":"if","locations":[{"start":{"line":43,"column":2},"end":{"line":47,"column":3}},{"start":{"line":45,"column":9},"end":{"line":47,"column":3}}],"line":43},"2":{"loc":{"start":{"line":56,"column":2},"end":{"line":60,"column":3}},"type":"if","locations":[{"start":{"line":56,"column":2},"end":{"line":60,"column":3}},{"start":{"line":58,"column":9},"end":{"line":60,"column":3}}],"line":56}},"s":{"0":6,"1":6,"2":1,"3":6,"4":2,"5":2,"6":4,"7":2,"8":1,"9":1,"10":6,"11":1,"12":6,"13":4,"14":4,"15":8,"16":4,"17":2,"18":2,"19":6,"20":2,"21":2,"22":4,"23":2,"24":1,"25":1},"f":{"0":1,"1":2,"2":4,"3":1,"4":4,"5":8,"6":2,"7":4},"b":{"0":[1,1],"1":[2,2],"2":[1,1]},"_coverageSchema":"1a1c01bbd47fc00a2c39e90264f33305004495a9","hash":"cb3dbe6e0992f116f95e001887df83fd01916664"}
,"C:\\Users\\igor\\Desktop\\OTUS\\FullStackDeveloper\\WorkDir\\JavaScript Pro\\LeetCode_back\\src\\api\\controllers\\taskController.ts": {"path":"C:\\Users\\igor\\Desktop\\OTUS\\FullStackDeveloper\\WorkDir\\JavaScript Pro\\LeetCode_back\\src\\api\\controllers\\taskController.ts","statementMap":{"0":{"start":{"line":3,"column":21},"end":{"line":12,"column":1}},"1":{"start":{"line":14,"column":0},"end":{"line":16,"column":2}},"2":{"start":{"line":15,"column":2},"end":{"line":15,"column":26}},"3":{"start":{"line":18,"column":0},"end":{"line":29,"column":2}},"4":{"start":{"line":19,"column":17},"end":{"line":19,"column":38}},"5":{"start":{"line":20,"column":15},"end":{"line":22,"column":4}},"6":{"start":{"line":21,"column":4},"end":{"line":21,"column":28}},"7":{"start":{"line":24,"column":2},"end":{"line":28,"column":3}},"8":{"start":{"line":25,"column":4},"end":{"line":25,"column":30}},"9":{"start":{"line":27,"column":4},"end":{"line":27,"column":32}},"10":{"start":{"line":31,"column":0},"end":{"line":33,"column":2}},"11":{"start":{"line":32,"column":2},"end":{"line":32,"column":29}},"12":{"start":{"line":35,"column":0},"end":{"line":46,"column":2}},"13":{"start":{"line":36,"column":17},"end":{"line":36,"column":38}},"14":{"start":{"line":37,"column":15},"end":{"line":39,"column":4}},"15":{"start":{"line":38,"column":4},"end":{"line":38,"column":28}},"16":{"start":{"line":41,"column":2},"end":{"line":45,"column":3}},"17":{"start":{"line":42,"column":4},"end":{"line":42,"column":31}},"18":{"start":{"line":44,"column":4},"end":{"line":44,"column":32}},"19":{"start":{"line":48,"column":0},"end":{"line":59,"column":2}},"20":{"start":{"line":49,"column":17},"end":{"line":49,"column":38}},"21":{"start":{"line":50,"column":15},"end":{"line":52,"column":4}},"22":{"start":{"line":51,"column":4},"end":{"line":51,"column":28}},"23":{"start":{"line":54,"column":2},"end":{"line":58,"column":3}},"24":{"start":{"line":55,"column":4},"end":{"line":55,"column":30}},"25":{"start":{"line":57,"column":4},"end":{"line":57,"column":32}}},"fnMap":{"0":{"name":"(anonymous_0)","decl":{"start":{"line":14,"column":19},"end":{"line":14,"column":20}},"loc":{"start":{"line":14,"column":65},"end":{"line":16,"column":1}},"line":14},"1":{"name":"(anonymous_1)","decl":{"start":{"line":18,"column":22},"end":{"line":18,"column":23}},"loc":{"start":{"line":18,"column":68},"end":{"line":29,"column":1}},"line":18},"2":{"name":"(anonymous_2)","decl":{"start":{"line":20,"column":28},"end":{"line":20,"column":29}},"loc":{"start":{"line":20,"column":36},"end":{"line":22,"column":3}},"line":20},"3":{"name":"(anonymous_3)","decl":{"start":{"line":31,"column":21},"end":{"line":31,"column":22}},"loc":{"start":{"line":31,"column":67},"end":{"line":33,"column":1}},"line":31},"4":{"name":"(anonymous_4)","decl":{"start":{"line":35,"column":21},"end":{"line":35,"column":22}},"loc":{"start":{"line":35,"column":67},"end":{"line":46,"column":1}},"line":35},"5":{"name":"(anonymous_5)","decl":{"start":{"line":37,"column":28},"end":{"line":37,"column":29}},"loc":{"start":{"line":37,"column":36},"end":{"line":39,"column":3}},"line":37},"6":{"name":"(anonymous_6)","decl":{"start":{"line":48,"column":21},"end":{"line":48,"column":22}},"loc":{"start":{"line":48,"column":67},"end":{"line":59,"column":1}},"line":48},"7":{"name":"(anonymous_7)","decl":{"start":{"line":50,"column":28},"end":{"line":50,"column":29}},"loc":{"start":{"line":50,"column":36},"end":{"line":52,"column":3}},"line":50}},"branchMap":{"0":{"loc":{"start":{"line":24,"column":2},"end":{"line":28,"column":3}},"type":"if","locations":[{"start":{"line":24,"column":2},"end":{"line":28,"column":3}},{"start":{"line":26,"column":9},"end":{"line":28,"column":3}}],"line":24},"1":{"loc":{"start":{"line":41,"column":2},"end":{"line":45,"column":3}},"type":"if","locations":[{"start":{"line":41,"column":2},"end":{"line":45,"column":3}},{"start":{"line":43,"column":9},"end":{"line":45,"column":3}}],"line":41},"2":{"loc":{"start":{"line":54,"column":2},"end":{"line":58,"column":3}},"type":"if","locations":[{"start":{"line":54,"column":2},"end":{"line":58,"column":3}},{"start":{"line":56,"column":9},"end":{"line":58,"column":3}}],"line":54}},"s":{"0":6,"1":6,"2":1,"3":6,"4":2,"5":2,"6":2,"7":2,"8":1,"9":1,"10":6,"11":1,"12":6,"13":4,"14":4,"15":4,"16":4,"17":2,"18":2,"19":6,"20":2,"21":2,"22":2,"23":2,"24":1,"25":1},"f":{"0":1,"1":2,"2":2,"3":1,"4":4,"5":4,"6":2,"7":2},"b":{"0":[1,1],"1":[2,2],"2":[1,1]},"_coverageSchema":"1a1c01bbd47fc00a2c39e90264f33305004495a9","hash":"b1778ec208cac4cc24f120336edca57ba4714dc8"}
,"C:\\Users\\igor\\Desktop\\OTUS\\FullStackDeveloper\\WorkDir\\JavaScript Pro\\LeetCode_back\\src\\api\\controllers\\userController.ts": {"path":"C:\\Users\\igor\\Desktop\\OTUS\\FullStackDeveloper\\WorkDir\\JavaScript Pro\\LeetCode_back\\src\\api\\controllers\\userController.ts","statementMap":{"0":{"start":{"line":3,"column":21},"end":{"line":27,"column":1}},"1":{"start":{"line":29,"column":0},"end":{"line":31,"column":2}},"2":{"start":{"line":30,"column":2},"end":{"line":30,"column":26}},"3":{"start":{"line":33,"column":0},"end":{"line":44,"column":2}},"4":{"start":{"line":34,"column":17},"end":{"line":34,"column":38}},"5":{"start":{"line":35,"column":15},"end":{"line":37,"column":4}},"6":{"start":{"line":36,"column":4},"end":{"line":36,"column":28}},"7":{"start":{"line":39,"column":2},"end":{"line":43,"column":3}},"8":{"start":{"line":40,"column":4},"end":{"line":40,"column":30}},"9":{"start":{"line":42,"column":4},"end":{"line":42,"column":32}},"10":{"start":{"line":46,"column":0},"end":{"line":48,"column":2}},"11":{"start":{"line":47,"column":2},"end":{"line":47,"column":29}},"12":{"start":{"line":50,"column":0},"end":{"line":61,"column":2}},"13":{"start":{"line":51,"column":17},"end":{"line":51,"column":38}},"14":{"start":{"line":52,"column":15},"end":{"line":54,"column":4}},"15":{"start":{"line":53,"column":4},"end":{"line":53,"column":28}},"16":{"start":{"line":56,"column":2},"end":{"line":60,"column":3}},"17":{"start":{"line":57,"column":4},"end":{"line":57,"column":31}},"18":{"start":{"line":59,"column":4},"end":{"line":59,"column":32}},"19":{"start":{"line":63,"column":0},"end":{"line":74,"column":2}},"20":{"start":{"line":64,"column":17},"end":{"line":64,"column":38}},"21":{"start":{"line":65,"column":15},"end":{"line":67,"column":4}},"22":{"start":{"line":66,"column":4},"end":{"line":66,"column":28}},"23":{"start":{"line":69,"column":2},"end":{"line":73,"column":3}},"24":{"start":{"line":70,"column":4},"end":{"line":70,"column":30}},"25":{"start":{"line":72,"column":4},"end":{"line":72,"column":32}}},"fnMap":{"0":{"name":"(anonymous_0)","decl":{"start":{"line":29,"column":19},"end":{"line":29,"column":20}},"loc":{"start":{"line":29,"column":65},"end":{"line":31,"column":1}},"line":29},"1":{"name":"(anonymous_1)","decl":{"start":{"line":33,"column":22},"end":{"line":33,"column":23}},"loc":{"start":{"line":33,"column":68},"end":{"line":44,"column":1}},"line":33},"2":{"name":"(anonymous_2)","decl":{"start":{"line":35,"column":28},"end":{"line":35,"column":29}},"loc":{"start":{"line":35,"column":36},"end":{"line":37,"column":3}},"line":35},"3":{"name":"(anonymous_3)","decl":{"start":{"line":46,"column":21},"end":{"line":46,"column":22}},"loc":{"start":{"line":46,"column":67},"end":{"line":48,"column":1}},"line":46},"4":{"name":"(anonymous_4)","decl":{"start":{"line":50,"column":21},"end":{"line":50,"column":22}},"loc":{"start":{"line":50,"column":67},"end":{"line":61,"column":1}},"line":50},"5":{"name":"(anonymous_5)","decl":{"start":{"line":52,"column":28},"end":{"line":52,"column":29}},"loc":{"start":{"line":52,"column":36},"end":{"line":54,"column":3}},"line":52},"6":{"name":"(anonymous_6)","decl":{"start":{"line":63,"column":21},"end":{"line":63,"column":22}},"loc":{"start":{"line":63,"column":67},"end":{"line":74,"column":1}},"line":63},"7":{"name":"(anonymous_7)","decl":{"start":{"line":65,"column":28},"end":{"line":65,"column":29}},"loc":{"start":{"line":65,"column":36},"end":{"line":67,"column":3}},"line":65}},"branchMap":{"0":{"loc":{"start":{"line":39,"column":2},"end":{"line":43,"column":3}},"type":"if","locations":[{"start":{"line":39,"column":2},"end":{"line":43,"column":3}},{"start":{"line":41,"column":9},"end":{"line":43,"column":3}}],"line":39},"1":{"loc":{"start":{"line":56,"column":2},"end":{"line":60,"column":3}},"type":"if","locations":[{"start":{"line":56,"column":2},"end":{"line":60,"column":3}},{"start":{"line":58,"column":9},"end":{"line":60,"column":3}}],"line":56},"2":{"loc":{"start":{"line":69,"column":2},"end":{"line":73,"column":3}},"type":"if","locations":[{"start":{"line":69,"column":2},"end":{"line":73,"column":3}},{"start":{"line":71,"column":9},"end":{"line":73,"column":3}}],"line":69}},"s":{"0":6,"1":6,"2":1,"3":6,"4":2,"5":2,"6":2,"7":2,"8":1,"9":1,"10":6,"11":1,"12":6,"13":4,"14":4,"15":4,"16":4,"17":2,"18":2,"19":6,"20":2,"21":2,"22":2,"23":2,"24":1,"25":1},"f":{"0":1,"1":2,"2":2,"3":1,"4":4,"5":4,"6":2,"7":2},"b":{"0":[1,1],"1":[2,2],"2":[1,1]},"_coverageSchema":"1a1c01bbd47fc00a2c39e90264f33305004495a9","hash":"06e0b7b5a03fdaff5ea562d1f270083019c44e2f"}
,"C:\\Users\\igor\\Desktop\\OTUS\\FullStackDeveloper\\WorkDir\\JavaScript Pro\\LeetCode_back\\src\\api\\routes\\comments.ts": {"path":"C:\\Users\\igor\\Desktop\\OTUS\\FullStackDeveloper\\WorkDir\\JavaScript Pro\\LeetCode_back\\src\\api\\routes\\comments.ts","statementMap":{"0":{"start":{"line":39,"column":26},"end":{"line":39,"column":69}},"1":{"start":{"line":41,"column":30},"end":{"line":41,"column":46}},"2":{"start":{"line":70,"column":0},"end":{"line":70,"column":62}},"3":{"start":{"line":98,"column":0},"end":{"line":98,"column":69}},"4":{"start":{"line":123,"column":0},"end":{"line":123,"column":65}},"5":{"start":{"line":157,"column":0},"end":{"line":157,"column":68}},"6":{"start":{"line":191,"column":0},"end":{"line":191,"column":70}},"7":{"start":{"line":219,"column":0},"end":{"line":219,"column":71}}},"fnMap":{},"branchMap":{},"s":{"0":6,"1":6,"2":6,"3":6,"4":6,"5":6,"6":6,"7":6},"f":{},"b":{},"_coverageSchema":"1a1c01bbd47fc00a2c39e90264f33305004495a9","hash":"83c2d550d7dce6e31f1e3b2157edaf1ca5c765f2"}
,"C:\\Users\\igor\\Desktop\\OTUS\\FullStackDeveloper\\WorkDir\\JavaScript Pro\\LeetCode_back\\src\\api\\routes\\levels.ts": {"path":"C:\\Users\\igor\\Desktop\\OTUS\\FullStackDeveloper\\WorkDir\\JavaScript Pro\\LeetCode_back\\src\\api\\routes\\levels.ts","statementMap":{"0":{"start":{"line":33,"column":24},"end":{"line":33,"column":65}},"1":{"start":{"line":35,"column":28},"end":{"line":35,"column":44}},"2":{"start":{"line":64,"column":0},"end":{"line":64,"column":54}},"3":{"start":{"line":92,"column":0},"end":{"line":92,"column":61}},"4":{"start":{"line":117,"column":0},"end":{"line":117,"column":57}},"5":{"start":{"line":151,"column":0},"end":{"line":151,"column":60}},"6":{"start":{"line":185,"column":0},"end":{"line":185,"column":62}},"7":{"start":{"line":213,"column":0},"end":{"line":213,"column":63}}},"fnMap":{},"branchMap":{},"s":{"0":6,"1":6,"2":6,"3":6,"4":6,"5":6,"6":6,"7":6},"f":{},"b":{},"_coverageSchema":"1a1c01bbd47fc00a2c39e90264f33305004495a9","hash":"8e1068ae10196b71ed7ad332296f05e7e8fc73cb"}
,"C:\\Users\\igor\\Desktop\\OTUS\\FullStackDeveloper\\WorkDir\\JavaScript Pro\\LeetCode_back\\src\\api\\routes\\roles.ts": {"path":"C:\\Users\\igor\\Desktop\\OTUS\\FullStackDeveloper\\WorkDir\\JavaScript Pro\\LeetCode_back\\src\\api\\routes\\roles.ts","statementMap":{"0":{"start":{"line":34,"column":23},"end":{"line":34,"column":63}},"1":{"start":{"line":36,"column":27},"end":{"line":36,"column":43}},"2":{"start":{"line":65,"column":0},"end":{"line":65,"column":50}},"3":{"start":{"line":93,"column":0},"end":{"line":93,"column":57}},"4":{"start":{"line":118,"column":0},"end":{"line":118,"column":53}},"5":{"start":{"line":152,"column":0},"end":{"line":152,"column":56}},"6":{"start":{"line":186,"column":0},"end":{"line":186,"column":58}},"7":{"start":{"line":214,"column":0},"end":{"line":214,"column":59}}},"fnMap":{},"branchMap":{},"s":{"0":6,"1":6,"2":6,"3":6,"4":6,"5":6,"6":6,"7":6},"f":{},"b":{},"_coverageSchema":"1a1c01bbd47fc00a2c39e90264f33305004495a9","hash":"ed169fcfb38d0009068771a544984575bac65fa2"}
,"C:\\Users\\igor\\Desktop\\OTUS\\FullStackDeveloper\\WorkDir\\JavaScript Pro\\LeetCode_back\\src\\api\\routes\\rules.ts": {"path":"C:\\Users\\igor\\Desktop\\OTUS\\FullStackDeveloper\\WorkDir\\JavaScript Pro\\LeetCode_back\\src\\api\\routes\\rules.ts","statementMap":{"0":{"start":{"line":28,"column":23},"end":{"line":28,"column":63}},"1":{"start":{"line":30,"column":27},"end":{"line":30,"column":43}},"2":{"start":{"line":59,"column":0},"end":{"line":59,"column":50}},"3":{"start":{"line":87,"column":0},"end":{"line":87,"column":57}},"4":{"start":{"line":112,"column":0},"end":{"line":112,"column":53}},"5":{"start":{"line":146,"column":0},"end":{"line":146,"column":56}},"6":{"start":{"line":180,"column":0},"end":{"line":180,"column":58}},"7":{"start":{"line":208,"column":0},"end":{"line":208,"column":59}}},"fnMap":{},"branchMap":{},"s":{"0":6,"1":6,"2":6,"3":6,"4":6,"5":6,"6":6,"7":6},"f":{},"b":{},"_coverageSchema":"1a1c01bbd47fc00a2c39e90264f33305004495a9","hash":"23fa8d560890a8e870b18b487a0cb0bc9cc6a958"}
,"C:\\Users\\igor\\Desktop\\OTUS\\FullStackDeveloper\\WorkDir\\JavaScript Pro\\LeetCode_back\\src\\api\\routes\\tasks.ts": {"path":"C:\\Users\\igor\\Desktop\\OTUS\\FullStackDeveloper\\WorkDir\\JavaScript Pro\\LeetCode_back\\src\\api\\routes\\tasks.ts","statementMap":{"0":{"start":{"line":45,"column":23},"end":{"line":45,"column":63}},"1":{"start":{"line":47,"column":27},"end":{"line":47,"column":43}},"2":{"start":{"line":76,"column":0},"end":{"line":76,"column":50}},"3":{"start":{"line":104,"column":0},"end":{"line":104,"column":57}},"4":{"start":{"line":129,"column":0},"end":{"line":129,"column":53}},"5":{"start":{"line":163,"column":0},"end":{"line":163,"column":56}},"6":{"start":{"line":197,"column":0},"end":{"line":197,"column":58}},"7":{"start":{"line":225,"column":0},"end":{"line":225,"column":59}}},"fnMap":{},"branchMap":{},"s":{"0":6,"1":6,"2":6,"3":6,"4":6,"5":6,"6":6,"7":6},"f":{},"b":{},"_coverageSchema":"1a1c01bbd47fc00a2c39e90264f33305004495a9","hash":"e07b8a3085560c1ad476106eea1aaf42f9612926"}
,"C:\\Users\\igor\\Desktop\\OTUS\\FullStackDeveloper\\WorkDir\\JavaScript Pro\\LeetCode_back\\src\\api\\routes\\users.ts": {"path":"C:\\Users\\igor\\Desktop\\OTUS\\FullStackDeveloper\\WorkDir\\JavaScript Pro\\LeetCode_back\\src\\api\\routes\\users.ts","statementMap":{"0":{"start":{"line":38,"column":23},"end":{"line":38,"column":63}},"1":{"start":{"line":40,"column":27},"end":{"line":40,"column":43}},"2":{"start":{"line":69,"column":0},"end":{"line":69,"column":50}},"3":{"start":{"line":97,"column":0},"end":{"line":97,"column":57}},"4":{"start":{"line":122,"column":0},"end":{"line":122,"column":53}},"5":{"start":{"line":156,"column":0},"end":{"line":156,"column":56}},"6":{"start":{"line":190,"column":0},"end":{"line":190,"column":58}},"7":{"start":{"line":218,"column":0},"end":{"line":218,"column":59}}},"fnMap":{},"branchMap":{},"s":{"0":6,"1":6,"2":6,"3":6,"4":6,"5":6,"6":6,"7":6},"f":{},"b":{},"_coverageSchema":"1a1c01bbd47fc00a2c39e90264f33305004495a9","hash":"b7034e19415e539229b6e5ef9137d85030ec2830"}
}
