TN:
SF:src\app.ts
FN:15,(anonymous_0)
FN:26,(anonymous_1)
FNF:2
FNH:0
FNDA:0,(anonymous_0)
FNDA:0,(anonymous_1)
DA:11,6
DA:13,6
DA:15,6
DA:16,0
DA:19,6
DA:20,6
DA:21,6
DA:22,6
DA:23,6
DA:24,6
DA:26,6
DA:32,0
LF:12
LH:10
BRF:0
BRH:0
end_of_record
TN:
SF:src\api\controllers\commentController.ts
FN:44,(anonymous_0)
FN:50,(anonymous_1)
FN:52,(anonymous_2)
FN:63,(anonymous_3)
FN:67,(anonymous_4)
FN:69,(anonymous_5)
FN:80,(anonymous_6)
FN:82,(anonymous_7)
FNF:8
FNH:8
FNDA:1,(anonymous_0)
FNDA:2,(anonymous_1)
FNDA:2,(anonymous_2)
FNDA:1,(anonymous_3)
FNDA:4,(anonymous_4)
FNDA:4,(anonymous_5)
FNDA:2,(anonymous_6)
FNDA:2,(anonymous_7)
DA:4,6
DA:44,6
DA:45,1
DA:46,1
DA:47,1
DA:50,6
DA:51,2
DA:52,2
DA:53,2
DA:56,2
DA:57,1
DA:59,1
DA:63,6
DA:64,1
DA:67,6
DA:68,4
DA:69,4
DA:70,4
DA:73,4
DA:74,2
DA:76,2
DA:80,6
DA:81,2
DA:82,2
DA:83,2
DA:86,2
DA:87,1
DA:89,1
LF:28
LH:28
BRDA:45,0,0,0
BRDA:45,0,1,1
BRDA:46,1,0,0
BRDA:46,1,1,1
BRDA:56,2,0,1
BRDA:56,2,1,1
BRDA:73,3,0,2
BRDA:73,3,1,2
BRDA:86,4,0,1
BRDA:86,4,1,1
BRF:10
BRH:8
end_of_record
TN:
SF:src\api\controllers\levelController.ts
FN:10,(anonymous_0)
FN:14,(anonymous_1)
FN:16,(anonymous_2)
FN:27,(anonymous_3)
FN:31,(anonymous_4)
FN:33,(anonymous_5)
FN:44,(anonymous_6)
FN:46,(anonymous_7)
FNF:8
FNH:8
FNDA:1,(anonymous_0)
FNDA:2,(anonymous_1)
FNDA:2,(anonymous_2)
FNDA:1,(anonymous_3)
FNDA:4,(anonymous_4)
FNDA:4,(anonymous_5)
FNDA:2,(anonymous_6)
FNDA:2,(anonymous_7)
DA:3,6
DA:10,6
DA:11,1
DA:14,6
DA:15,2
DA:16,2
DA:17,2
DA:20,2
DA:21,1
DA:23,1
DA:27,6
DA:28,1
DA:31,6
DA:32,4
DA:33,4
DA:34,4
DA:37,4
DA:38,2
DA:40,2
DA:44,6
DA:45,2
DA:46,2
DA:47,2
DA:50,2
DA:51,1
DA:53,1
LF:26
LH:26
BRDA:20,0,0,1
BRDA:20,0,1,1
BRDA:37,1,0,2
BRDA:37,1,1,2
BRDA:50,2,0,1
BRDA:50,2,1,1
BRF:6
BRH:6
end_of_record
TN:
SF:src\api\controllers\roleController.ts
FN:23,(anonymous_0)
FN:27,(anonymous_1)
FN:29,(anonymous_2)
FN:40,(anonymous_3)
FN:44,(anonymous_4)
FN:46,(anonymous_5)
FN:57,(anonymous_6)
FN:59,(anonymous_7)
FNF:8
FNH:8
FNDA:1,(anonymous_0)
FNDA:2,(anonymous_1)
FNDA:2,(anonymous_2)
FNDA:1,(anonymous_3)
FNDA:4,(anonymous_4)
FNDA:4,(anonymous_5)
FNDA:2,(anonymous_6)
FNDA:2,(anonymous_7)
DA:3,6
DA:23,6
DA:24,1
DA:27,6
DA:28,2
DA:29,2
DA:30,2
DA:33,2
DA:34,1
DA:36,1
DA:40,6
DA:41,1
DA:44,6
DA:45,4
DA:46,4
DA:47,4
DA:50,4
DA:51,2
DA:53,2
DA:57,6
DA:58,2
DA:59,2
DA:60,2
DA:63,2
DA:64,1
DA:66,1
LF:26
LH:26
BRDA:33,0,0,1
BRDA:33,0,1,1
BRDA:50,1,0,2
BRDA:50,1,1,2
BRDA:63,2,0,1
BRDA:63,2,1,1
BRF:6
BRH:6
end_of_record
TN:
SF:src\api\controllers\ruleController.ts
FN:16,(anonymous_0)
FN:20,(anonymous_1)
FN:22,(anonymous_2)
FN:33,(anonymous_3)
FN:37,(anonymous_4)
FN:39,(anonymous_5)
FN:50,(anonymous_6)
FN:52,(anonymous_7)
FNF:8
FNH:8
FNDA:1,(anonymous_0)
FNDA:2,(anonymous_1)
FNDA:4,(anonymous_2)
FNDA:1,(anonymous_3)
FNDA:4,(anonymous_4)
FNDA:8,(anonymous_5)
FNDA:2,(anonymous_6)
FNDA:4,(anonymous_7)
DA:3,6
DA:16,6
DA:17,1
DA:20,6
DA:21,2
DA:22,2
DA:23,4
DA:26,2
DA:27,1
DA:29,1
DA:33,6
DA:34,1
DA:37,6
DA:38,4
DA:39,4
DA:40,8
DA:43,4
DA:44,2
DA:46,2
DA:50,6
DA:51,2
DA:52,2
DA:53,4
DA:56,2
DA:57,1
DA:59,1
LF:26
LH:26
BRDA:26,0,0,1
BRDA:26,0,1,1
BRDA:43,1,0,2
BRDA:43,1,1,2
BRDA:56,2,0,1
BRDA:56,2,1,1
BRF:6
BRH:6
end_of_record
TN:
SF:src\api\controllers\taskController.ts
FN:14,(anonymous_0)
FN:18,(anonymous_1)
FN:20,(anonymous_2)
FN:31,(anonymous_3)
FN:35,(anonymous_4)
FN:37,(anonymous_5)
FN:48,(anonymous_6)
FN:50,(anonymous_7)
FNF:8
FNH:8
FNDA:1,(anonymous_0)
FNDA:2,(anonymous_1)
FNDA:2,(anonymous_2)
FNDA:1,(anonymous_3)
FNDA:4,(anonymous_4)
FNDA:4,(anonymous_5)
FNDA:2,(anonymous_6)
FNDA:2,(anonymous_7)
DA:3,6
DA:14,6
DA:15,1
DA:18,6
DA:19,2
DA:20,2
DA:21,2
DA:24,2
DA:25,1
DA:27,1
DA:31,6
DA:32,1
DA:35,6
DA:36,4
DA:37,4
DA:38,4
DA:41,4
DA:42,2
DA:44,2
DA:48,6
DA:49,2
DA:50,2
DA:51,2
DA:54,2
DA:55,1
DA:57,1
LF:26
LH:26
BRDA:24,0,0,1
BRDA:24,0,1,1
BRDA:41,1,0,2
BRDA:41,1,1,2
BRDA:54,2,0,1
BRDA:54,2,1,1
BRF:6
BRH:6
end_of_record
TN:
SF:src\api\controllers\userController.ts
FN:29,(anonymous_0)
FN:33,(anonymous_1)
FN:35,(anonymous_2)
FN:46,(anonymous_3)
FN:50,(anonymous_4)
FN:52,(anonymous_5)
FN:63,(anonymous_6)
FN:65,(anonymous_7)
FNF:8
FNH:8
FNDA:1,(anonymous_0)
FNDA:2,(anonymous_1)
FNDA:2,(anonymous_2)
FNDA:1,(anonymous_3)
FNDA:4,(anonymous_4)
FNDA:4,(anonymous_5)
FNDA:2,(anonymous_6)
FNDA:2,(anonymous_7)
DA:3,6
DA:29,6
DA:30,1
DA:33,6
DA:34,2
DA:35,2
DA:36,2
DA:39,2
DA:40,1
DA:42,1
DA:46,6
DA:47,1
DA:50,6
DA:51,4
DA:52,4
DA:53,4
DA:56,4
DA:57,2
DA:59,2
DA:63,6
DA:64,2
DA:65,2
DA:66,2
DA:69,2
DA:70,1
DA:72,1
LF:26
LH:26
BRDA:39,0,0,1
BRDA:39,0,1,1
BRDA:56,1,0,2
BRDA:56,1,1,2
BRDA:69,2,0,1
BRDA:69,2,1,1
BRF:6
BRH:6
end_of_record
TN:
SF:src\api\routes\comments.ts
FNF:0
FNH:0
DA:3,6
DA:5,6
DA:8,6
DA:10,6
DA:12,6
DA:14,6
DA:16,6
DA:18,6
LF:8
LH:8
BRF:0
BRH:0
end_of_record
TN:
SF:src\api\routes\levels.ts
FNF:0
FNH:0
DA:3,6
DA:5,6
DA:7,6
DA:9,6
DA:11,6
DA:13,6
DA:15,6
DA:17,6
LF:8
LH:8
BRF:0
BRH:0
end_of_record
TN:
SF:src\api\routes\roles.ts
FNF:0
FNH:0
DA:3,6
DA:5,6
DA:7,6
DA:9,6
DA:11,6
DA:13,6
DA:15,6
DA:17,6
LF:8
LH:8
BRF:0
BRH:0
end_of_record
TN:
SF:src\api\routes\rules.ts
FNF:0
FNH:0
DA:3,6
DA:5,6
DA:7,6
DA:9,6
DA:11,6
DA:13,6
DA:15,6
DA:17,6
LF:8
LH:8
BRF:0
BRH:0
end_of_record
TN:
SF:src\api\routes\tasks.ts
FNF:0
FNH:0
DA:3,6
DA:5,6
DA:7,6
DA:9,6
DA:11,6
DA:13,6
DA:15,6
DA:17,6
LF:8
LH:8
BRF:0
BRH:0
end_of_record
TN:
SF:src\api\routes\users.ts
FNF:0
FNH:0
DA:3,6
DA:5,6
DA:7,6
DA:9,6
DA:11,6
DA:13,6
DA:14,6
DA:16,6
LF:8
LH:8
BRF:0
BRH:0
end_of_record
